{"/Users/cex/Desktop/Crm App Tpv/backend/controllers/analyticsController.js": {"path":"/Users/cex/Desktop/Crm App Tpv/backend/controllers/analyticsController.js","statementMap":{"0":{"start":{"line":1,"column":11},"end":{"line":1,"column":40}},"1":{"start":{"line":4,"column":19},"end":{"line":21,"column":1}},"2":{"start":{"line":5,"column":4},"end":{"line":20,"column":5}},"3":{"start":{"line":6,"column":46},"end":{"line":6,"column":54}},"4":{"start":{"line":7,"column":26},"end":{"line":7,"column":51}},"5":{"start":{"line":8,"column":26},"end":{"line":8,"column":64}},"6":{"start":{"line":10,"column":8},"end":{"line":14,"column":10}},"7":{"start":{"line":16,"column":8},"end":{"line":16,"column":36}},"8":{"start":{"line":18,"column":8},"end":{"line":18,"column":54}},"9":{"start":{"line":19,"column":8},"end":{"line":19,"column":62}},"10":{"start":{"line":24,"column":21},"end":{"line":78,"column":1}},"11":{"start":{"line":25,"column":4},"end":{"line":77,"column":5}},"12":{"start":{"line":26,"column":33},"end":{"line":26,"column":42}},"13":{"start":{"line":29,"column":29},"end":{"line":34,"column":9}},"14":{"start":{"line":37,"column":32},"end":{"line":43,"column":9}},"15":{"start":{"line":46,"column":32},"end":{"line":55,"column":9}},"16":{"start":{"line":58,"column":34},"end":{"line":66,"column":9}},"17":{"start":{"line":68,"column":8},"end":{"line":73,"column":11}},"18":{"start":{"line":75,"column":8},"end":{"line":75,"column":57}},"19":{"start":{"line":76,"column":8},"end":{"line":76,"column":62}},"20":{"start":{"line":81,"column":28},"end":{"line":112,"column":1}},"21":{"start":{"line":82,"column":4},"end":{"line":111,"column":5}},"22":{"start":{"line":83,"column":34},"end":{"line":83,"column":43}},"23":{"start":{"line":85,"column":23},"end":{"line":99,"column":9}},"24":{"start":{"line":101,"column":21},"end":{"line":101,"column":35}},"25":{"start":{"line":102,"column":31},"end":{"line":102,"column":106}},"26":{"start":{"line":104,"column":8},"end":{"line":107,"column":11}},"27":{"start":{"line":109,"column":8},"end":{"line":109,"column":65}},"28":{"start":{"line":110,"column":8},"end":{"line":110,"column":62}},"29":{"start":{"line":114,"column":0},"end":{"line":118,"column":2}}},"fnMap":{"0":{"name":"(anonymous_0)","decl":{"start":{"line":4,"column":19},"end":{"line":4,"column":20}},"loc":{"start":{"line":4,"column":39},"end":{"line":21,"column":1}},"line":4},"1":{"name":"(anonymous_1)","decl":{"start":{"line":24,"column":21},"end":{"line":24,"column":22}},"loc":{"start":{"line":24,"column":41},"end":{"line":78,"column":1}},"line":24},"2":{"name":"(anonymous_2)","decl":{"start":{"line":81,"column":28},"end":{"line":81,"column":29}},"loc":{"start":{"line":81,"column":48},"end":{"line":112,"column":1}},"line":81}},"branchMap":{"0":{"loc":{"start":{"line":8,"column":26},"end":{"line":8,"column":64}},"type":"binary-expr","locations":[{"start":{"line":8,"column":26},"end":{"line":8,"column":32}},{"start":{"line":8,"column":36},"end":{"line":8,"column":64}}],"line":8},"1":{"loc":{"start":{"line":26,"column":16},"end":{"line":26,"column":28}},"type":"default-arg","locations":[{"start":{"line":26,"column":25},"end":{"line":26,"column":28}}],"line":26},"2":{"loc":{"start":{"line":83,"column":16},"end":{"line":83,"column":29}},"type":"default-arg","locations":[{"start":{"line":83,"column":25},"end":{"line":83,"column":29}}],"line":83},"3":{"loc":{"start":{"line":102,"column":31},"end":{"line":102,"column":106}},"type":"cond-expr","locations":[{"start":{"line":102,"column":51},"end":{"line":102,"column":102}},{"start":{"line":102,"column":105},"end":{"line":102,"column":106}}],"line":102}},"s":{"0":4,"1":4,"2":0,"3":0,"4":0,"5":0,"6":0,"7":0,"8":0,"9":0,"10":4,"11":0,"12":0,"13":0,"14":0,"15":0,"16":0,"17":0,"18":0,"19":0,"20":4,"21":0,"22":0,"23":0,"24":0,"25":0,"26":0,"27":0,"28":0,"29":4},"f":{"0":0,"1":0,"2":0},"b":{"0":[0,0],"1":[0],"2":[0],"3":[0,0]},"_coverageSchema":"1a1c01bbd47fc00a2c39e90264f33305004495a9","hash":"a225b31469b185e3cec33bf51b25bfbbce6db073"}
,"/Users/cex/Desktop/Crm App Tpv/backend/controllers/authController.js": {"path":"/Users/cex/Desktop/Crm App Tpv/backend/controllers/authController.js","statementMap":{"0":{"start":{"line":1,"column":11},"end":{"line":1,"column":40}},"1":{"start":{"line":2,"column":15},"end":{"line":2,"column":34}},"2":{"start":{"line":3,"column":12},"end":{"line":3,"column":35}},"3":{"start":{"line":5,"column":14},"end":{"line":47,"column":1}},"4":{"start":{"line":6,"column":4},"end":{"line":46,"column":5}},"5":{"start":{"line":7,"column":39},"end":{"line":7,"column":47}},"6":{"start":{"line":9,"column":8},"end":{"line":11,"column":9}},"7":{"start":{"line":10,"column":12},"end":{"line":10,"column":86}},"8":{"start":{"line":13,"column":23},"end":{"line":16,"column":9}},"9":{"start":{"line":18,"column":8},"end":{"line":20,"column":9}},"10":{"start":{"line":19,"column":12},"end":{"line":19,"column":77}},"11":{"start":{"line":22,"column":21},"end":{"line":22,"column":35}},"12":{"start":{"line":23,"column":30},"end":{"line":23,"column":75}},"13":{"start":{"line":25,"column":8},"end":{"line":27,"column":9}},"14":{"start":{"line":26,"column":12},"end":{"line":26,"column":77}},"15":{"start":{"line":29,"column":22},"end":{"line":33,"column":9}},"16":{"start":{"line":35,"column":8},"end":{"line":42,"column":11}},"17":{"start":{"line":44,"column":8},"end":{"line":44,"column":52}},"18":{"start":{"line":45,"column":8},"end":{"line":45,"column":62}},"19":{"start":{"line":49,"column":0},"end":{"line":49,"column":27}}},"fnMap":{"0":{"name":"(anonymous_0)","decl":{"start":{"line":5,"column":14},"end":{"line":5,"column":15}},"loc":{"start":{"line":5,"column":34},"end":{"line":47,"column":1}},"line":5}},"branchMap":{"0":{"loc":{"start":{"line":9,"column":8},"end":{"line":11,"column":9}},"type":"if","locations":[{"start":{"line":9,"column":8},"end":{"line":11,"column":9}},{"start":{},"end":{}}],"line":9},"1":{"loc":{"start":{"line":9,"column":12},"end":{"line":9,"column":34}},"type":"binary-expr","locations":[{"start":{"line":9,"column":12},"end":{"line":9,"column":21}},{"start":{"line":9,"column":25},"end":{"line":9,"column":34}}],"line":9},"2":{"loc":{"start":{"line":18,"column":8},"end":{"line":20,"column":9}},"type":"if","locations":[{"start":{"line":18,"column":8},"end":{"line":20,"column":9}},{"start":{},"end":{}}],"line":18},"3":{"loc":{"start":{"line":25,"column":8},"end":{"line":27,"column":9}},"type":"if","locations":[{"start":{"line":25,"column":8},"end":{"line":27,"column":9}},{"start":{},"end":{}}],"line":25},"4":{"loc":{"start":{"line":31,"column":12},"end":{"line":31,"column":54}},"type":"binary-expr","locations":[{"start":{"line":31,"column":12},"end":{"line":31,"column":34}},{"start":{"line":31,"column":38},"end":{"line":31,"column":54}}],"line":31}},"s":{"0":5,"1":5,"2":5,"3":5,"4":10,"5":10,"6":10,"7":2,"8":8,"9":7,"10":1,"11":6,"12":6,"13":6,"14":1,"15":5,"16":5,"17":1,"18":1,"19":5},"f":{"0":10},"b":{"0":[2,8],"1":[10,9],"2":[1,6],"3":[1,5],"4":[5,5]},"_coverageSchema":"1a1c01bbd47fc00a2c39e90264f33305004495a9","hash":"0b8e72e5453d6621fe71c90e751b2a37a7de5cf4"}
,"/Users/cex/Desktop/Crm App Tpv/backend/controllers/calendarController.js": {"path":"/Users/cex/Desktop/Crm App Tpv/backend/controllers/calendarController.js","statementMap":{"0":{"start":{"line":1,"column":11},"end":{"line":1,"column":40}},"1":{"start":{"line":4,"column":18},"end":{"line":23,"column":1}},"2":{"start":{"line":5,"column":4},"end":{"line":22,"column":5}},"3":{"start":{"line":6,"column":31},"end":{"line":6,"column":40}},"4":{"start":{"line":7,"column":20},"end":{"line":7,"column":51}},"5":{"start":{"line":8,"column":23},"end":{"line":8,"column":25}},"6":{"start":{"line":10,"column":8},"end":{"line":13,"column":9}},"7":{"start":{"line":11,"column":12},"end":{"line":11,"column":66}},"8":{"start":{"line":12,"column":12},"end":{"line":12,"column":36}},"9":{"start":{"line":15,"column":8},"end":{"line":15,"column":44}},"10":{"start":{"line":17,"column":23},"end":{"line":17,"column":52}},"11":{"start":{"line":18,"column":8},"end":{"line":18,"column":30}},"12":{"start":{"line":20,"column":8},"end":{"line":20,"column":54}},"13":{"start":{"line":21,"column":8},"end":{"line":21,"column":62}},"14":{"start":{"line":26,"column":17},"end":{"line":40,"column":1}},"15":{"start":{"line":27,"column":4},"end":{"line":39,"column":5}},"16":{"start":{"line":28,"column":23},"end":{"line":28,"column":33}},"17":{"start":{"line":29,"column":23},"end":{"line":29,"column":90}},"18":{"start":{"line":31,"column":8},"end":{"line":33,"column":9}},"19":{"start":{"line":32,"column":12},"end":{"line":32,"column":75}},"20":{"start":{"line":35,"column":8},"end":{"line":35,"column":33}},"21":{"start":{"line":37,"column":8},"end":{"line":37,"column":53}},"22":{"start":{"line":38,"column":8},"end":{"line":38,"column":62}},"23":{"start":{"line":43,"column":20},"end":{"line":63,"column":1}},"24":{"start":{"line":44,"column":4},"end":{"line":62,"column":5}},"25":{"start":{"line":45,"column":88},"end":{"line":45,"column":96}},"26":{"start":{"line":47,"column":8},"end":{"line":49,"column":9}},"27":{"start":{"line":48,"column":12},"end":{"line":48,"column":99}},"28":{"start":{"line":51,"column":23},"end":{"line":56,"column":9}},"29":{"start":{"line":58,"column":8},"end":{"line":58,"column":45}},"30":{"start":{"line":60,"column":8},"end":{"line":60,"column":54}},"31":{"start":{"line":61,"column":8},"end":{"line":61,"column":62}},"32":{"start":{"line":66,"column":20},"end":{"line":94,"column":1}},"33":{"start":{"line":67,"column":4},"end":{"line":93,"column":5}},"34":{"start":{"line":68,"column":23},"end":{"line":68,"column":33}},"35":{"start":{"line":69,"column":76},"end":{"line":69,"column":84}},"36":{"start":{"line":71,"column":23},"end":{"line":83,"column":9}},"37":{"start":{"line":85,"column":8},"end":{"line":87,"column":9}},"38":{"start":{"line":86,"column":12},"end":{"line":86,"column":75}},"39":{"start":{"line":89,"column":8},"end":{"line":89,"column":33}},"40":{"start":{"line":91,"column":8},"end":{"line":91,"column":54}},"41":{"start":{"line":92,"column":8},"end":{"line":92,"column":62}},"42":{"start":{"line":97,"column":20},"end":{"line":112,"column":1}},"43":{"start":{"line":98,"column":4},"end":{"line":111,"column":5}},"44":{"start":{"line":99,"column":23},"end":{"line":99,"column":33}},"45":{"start":{"line":101,"column":23},"end":{"line":101,"column":100}},"46":{"start":{"line":103,"column":8},"end":{"line":105,"column":9}},"47":{"start":{"line":104,"column":12},"end":{"line":104,"column":75}},"48":{"start":{"line":107,"column":8},"end":{"line":107,"column":64}},"49":{"start":{"line":109,"column":8},"end":{"line":109,"column":54}},"50":{"start":{"line":110,"column":8},"end":{"line":110,"column":62}},"51":{"start":{"line":114,"column":0},"end":{"line":120,"column":2}}},"fnMap":{"0":{"name":"(anonymous_0)","decl":{"start":{"line":4,"column":18},"end":{"line":4,"column":19}},"loc":{"start":{"line":4,"column":38},"end":{"line":23,"column":1}},"line":4},"1":{"name":"(anonymous_1)","decl":{"start":{"line":26,"column":17},"end":{"line":26,"column":18}},"loc":{"start":{"line":26,"column":37},"end":{"line":40,"column":1}},"line":26},"2":{"name":"(anonymous_2)","decl":{"start":{"line":43,"column":20},"end":{"line":43,"column":21}},"loc":{"start":{"line":43,"column":40},"end":{"line":63,"column":1}},"line":43},"3":{"name":"(anonymous_3)","decl":{"start":{"line":66,"column":20},"end":{"line":66,"column":21}},"loc":{"start":{"line":66,"column":40},"end":{"line":94,"column":1}},"line":66},"4":{"name":"(anonymous_4)","decl":{"start":{"line":97,"column":20},"end":{"line":97,"column":21}},"loc":{"start":{"line":97,"column":40},"end":{"line":112,"column":1}},"line":97}},"branchMap":{"0":{"loc":{"start":{"line":10,"column":8},"end":{"line":13,"column":9}},"type":"if","locations":[{"start":{"line":10,"column":8},"end":{"line":13,"column":9}},{"start":{},"end":{}}],"line":10},"1":{"loc":{"start":{"line":10,"column":12},"end":{"line":10,"column":24}},"type":"binary-expr","locations":[{"start":{"line":10,"column":12},"end":{"line":10,"column":17}},{"start":{"line":10,"column":21},"end":{"line":10,"column":24}}],"line":10},"2":{"loc":{"start":{"line":31,"column":8},"end":{"line":33,"column":9}},"type":"if","locations":[{"start":{"line":31,"column":8},"end":{"line":33,"column":9}},{"start":{},"end":{}}],"line":31},"3":{"loc":{"start":{"line":47,"column":8},"end":{"line":49,"column":9}},"type":"if","locations":[{"start":{"line":47,"column":8},"end":{"line":49,"column":9}},{"start":{},"end":{}}],"line":47},"4":{"loc":{"start":{"line":47,"column":12},"end":{"line":47,"column":46}},"type":"binary-expr","locations":[{"start":{"line":47,"column":12},"end":{"line":47,"column":18}},{"start":{"line":47,"column":22},"end":{"line":47,"column":33}},{"start":{"line":47,"column":37},"end":{"line":47,"column":46}}],"line":47},"5":{"loc":{"start":{"line":55,"column":55},"end":{"line":55,"column":72}},"type":"binary-expr","locations":[{"start":{"line":55,"column":55},"end":{"line":55,"column":59}},{"start":{"line":55,"column":63},"end":{"line":55,"column":72}}],"line":55},"6":{"loc":{"start":{"line":85,"column":8},"end":{"line":87,"column":9}},"type":"if","locations":[{"start":{"line":85,"column":8},"end":{"line":87,"column":9}},{"start":{},"end":{}}],"line":85},"7":{"loc":{"start":{"line":103,"column":8},"end":{"line":105,"column":9}},"type":"if","locations":[{"start":{"line":103,"column":8},"end":{"line":105,"column":9}},{"start":{},"end":{}}],"line":103}},"s":{"0":4,"1":4,"2":0,"3":0,"4":0,"5":0,"6":0,"7":0,"8":0,"9":0,"10":0,"11":0,"12":0,"13":0,"14":4,"15":0,"16":0,"17":0,"18":0,"19":0,"20":0,"21":0,"22":0,"23":4,"24":0,"25":0,"26":0,"27":0,"28":0,"29":0,"30":0,"31":0,"32":4,"33":0,"34":0,"35":0,"36":0,"37":0,"38":0,"39":0,"40":0,"41":0,"42":4,"43":0,"44":0,"45":0,"46":0,"47":0,"48":0,"49":0,"50":0,"51":4},"f":{"0":0,"1":0,"2":0,"3":0,"4":0},"b":{"0":[0,0],"1":[0,0],"2":[0,0],"3":[0,0],"4":[0,0,0],"5":[0,0],"6":[0,0],"7":[0,0]},"_coverageSchema":"1a1c01bbd47fc00a2c39e90264f33305004495a9","hash":"3981ea3eca71e76c91e50b9af107cc27e1de64d9"}
,"/Users/cex/Desktop/Crm App Tpv/backend/controllers/clientController.js": {"path":"/Users/cex/Desktop/Crm App Tpv/backend/controllers/clientController.js","statementMap":{"0":{"start":{"line":1,"column":11},"end":{"line":1,"column":40}},"1":{"start":{"line":4,"column":0},"end":{"line":12,"column":2}},"2":{"start":{"line":5,"column":4},"end":{"line":11,"column":5}},"3":{"start":{"line":6,"column":26},"end":{"line":6,"column":90}},"4":{"start":{"line":7,"column":8},"end":{"line":7,"column":26}},"5":{"start":{"line":9,"column":8},"end":{"line":9,"column":55}},"6":{"start":{"line":10,"column":8},"end":{"line":10,"column":71}},"7":{"start":{"line":15,"column":0},"end":{"line":32,"column":2}},"8":{"start":{"line":16,"column":4},"end":{"line":31,"column":5}},"9":{"start":{"line":17,"column":26},"end":{"line":17,"column":95}},"10":{"start":{"line":18,"column":8},"end":{"line":20,"column":9}},"11":{"start":{"line":19,"column":12},"end":{"line":19,"column":78}},"12":{"start":{"line":22,"column":23},"end":{"line":22,"column":33}},"13":{"start":{"line":23,"column":32},"end":{"line":23,"column":117}},"14":{"start":{"line":25,"column":8},"end":{"line":25,"column":81}},"15":{"start":{"line":27,"column":8},"end":{"line":27,"column":25}},"16":{"start":{"line":29,"column":8},"end":{"line":29,"column":54}},"17":{"start":{"line":30,"column":8},"end":{"line":30,"column":70}},"18":{"start":{"line":35,"column":0},"end":{"line":51,"column":2}},"19":{"start":{"line":36,"column":68},"end":{"line":36,"column":76}},"20":{"start":{"line":37,"column":4},"end":{"line":50,"column":5}},"21":{"start":{"line":38,"column":25},"end":{"line":41,"column":9}},"22":{"start":{"line":44,"column":8},"end":{"line":44,"column":101}},"23":{"start":{"line":46,"column":8},"end":{"line":46,"column":94}},"24":{"start":{"line":48,"column":8},"end":{"line":48,"column":55}},"25":{"start":{"line":49,"column":8},"end":{"line":49,"column":68}},"26":{"start":{"line":54,"column":0},"end":{"line":90,"column":2}},"27":{"start":{"line":55,"column":23},"end":{"line":55,"column":31}},"28":{"start":{"line":56,"column":23},"end":{"line":56,"column":47}},"29":{"start":{"line":58,"column":4},"end":{"line":89,"column":5}},"30":{"start":{"line":59,"column":8},"end":{"line":59,"column":44}},"31":{"start":{"line":62,"column":24},"end":{"line":62,"column":92}},"32":{"start":{"line":63,"column":8},"end":{"line":65,"column":9}},"33":{"start":{"line":64,"column":12},"end":{"line":64,"column":50}},"34":{"start":{"line":66,"column":21},"end":{"line":66,"column":29}},"35":{"start":{"line":69,"column":25},"end":{"line":72,"column":9}},"36":{"start":{"line":73,"column":25},"end":{"line":73,"column":40}},"37":{"start":{"line":76,"column":8},"end":{"line":76,"column":102}},"38":{"start":{"line":79,"column":8},"end":{"line":79,"column":92}},"39":{"start":{"line":81,"column":8},"end":{"line":81,"column":34}},"40":{"start":{"line":82,"column":8},"end":{"line":82,"column":98}},"41":{"start":{"line":84,"column":8},"end":{"line":84,"column":36}},"42":{"start":{"line":85,"column":8},"end":{"line":85,"column":55}},"43":{"start":{"line":86,"column":8},"end":{"line":86,"column":86}},"44":{"start":{"line":88,"column":8},"end":{"line":88,"column":29}},"45":{"start":{"line":93,"column":0},"end":{"line":126,"column":2}},"46":{"start":{"line":94,"column":25},"end":{"line":94,"column":35}},"47":{"start":{"line":98,"column":8},"end":{"line":98,"column":16}},"48":{"start":{"line":100,"column":4},"end":{"line":125,"column":5}},"49":{"start":{"line":102,"column":25},"end":{"line":102,"column":110}},"50":{"start":{"line":104,"column":8},"end":{"line":119,"column":9}},"51":{"start":{"line":105,"column":12},"end":{"line":110,"column":14}},"52":{"start":{"line":112,"column":12},"end":{"line":118,"column":14}},"53":{"start":{"line":121,"column":8},"end":{"line":121,"column":67}},"54":{"start":{"line":123,"column":8},"end":{"line":123,"column":61}},"55":{"start":{"line":124,"column":8},"end":{"line":124,"column":77}}},"fnMap":{"0":{"name":"(anonymous_0)","decl":{"start":{"line":4,"column":21},"end":{"line":4,"column":22}},"loc":{"start":{"line":4,"column":41},"end":{"line":12,"column":1}},"line":4},"1":{"name":"(anonymous_1)","decl":{"start":{"line":15,"column":20},"end":{"line":15,"column":21}},"loc":{"start":{"line":15,"column":40},"end":{"line":32,"column":1}},"line":15},"2":{"name":"(anonymous_2)","decl":{"start":{"line":35,"column":23},"end":{"line":35,"column":24}},"loc":{"start":{"line":35,"column":43},"end":{"line":51,"column":1}},"line":35},"3":{"name":"(anonymous_3)","decl":{"start":{"line":54,"column":30},"end":{"line":54,"column":31}},"loc":{"start":{"line":54,"column":50},"end":{"line":90,"column":1}},"line":54},"4":{"name":"(anonymous_4)","decl":{"start":{"line":93,"column":29},"end":{"line":93,"column":30}},"loc":{"start":{"line":93,"column":49},"end":{"line":126,"column":1}},"line":93}},"branchMap":{"0":{"loc":{"start":{"line":18,"column":8},"end":{"line":20,"column":9}},"type":"if","locations":[{"start":{"line":18,"column":8},"end":{"line":20,"column":9}},{"start":{},"end":{}}],"line":18},"1":{"loc":{"start":{"line":25,"column":30},"end":{"line":25,"column":80}},"type":"cond-expr","locations":[{"start":{"line":25,"column":57},"end":{"line":25,"column":73}},{"start":{"line":25,"column":76},"end":{"line":25,"column":80}}],"line":25},"2":{"loc":{"start":{"line":63,"column":8},"end":{"line":65,"column":9}},"type":"if","locations":[{"start":{"line":63,"column":8},"end":{"line":65,"column":9}},{"start":{},"end":{}}],"line":63},"3":{"loc":{"start":{"line":86,"column":40},"end":{"line":86,"column":82}},"type":"binary-expr","locations":[{"start":{"line":86,"column":40},"end":{"line":86,"column":53}},{"start":{"line":86,"column":57},"end":{"line":86,"column":82}}],"line":86},"4":{"loc":{"start":{"line":104,"column":8},"end":{"line":119,"column":9}},"type":"if","locations":[{"start":{"line":104,"column":8},"end":{"line":119,"column":9}},{"start":{"line":111,"column":15},"end":{"line":119,"column":9}}],"line":104}},"s":{"0":0,"1":0,"2":0,"3":0,"4":0,"5":0,"6":0,"7":0,"8":0,"9":0,"10":0,"11":0,"12":0,"13":0,"14":0,"15":0,"16":0,"17":0,"18":0,"19":0,"20":0,"21":0,"22":0,"23":0,"24":0,"25":0,"26":0,"27":0,"28":0,"29":0,"30":0,"31":0,"32":0,"33":0,"34":0,"35":0,"36":0,"37":0,"38":0,"39":0,"40":0,"41":0,"42":0,"43":0,"44":0,"45":0,"46":0,"47":0,"48":0,"49":0,"50":0,"51":0,"52":0,"53":0,"54":0,"55":0},"f":{"0":0,"1":0,"2":0,"3":0,"4":0},"b":{"0":[0,0],"1":[0,0],"2":[0,0],"3":[0,0],"4":[0,0]}}
,"/Users/cex/Desktop/Crm App Tpv/backend/controllers/clientsController.js": {"path":"/Users/cex/Desktop/Crm App Tpv/backend/controllers/clientsController.js","statementMap":{"0":{"start":{"line":1,"column":11},"end":{"line":1,"column":40}},"1":{"start":{"line":2,"column":15},"end":{"line":2,"column":42}},"2":{"start":{"line":4,"column":19},"end":{"line":14,"column":1}},"3":{"start":{"line":5,"column":4},"end":{"line":13,"column":5}},"4":{"start":{"line":6,"column":23},"end":{"line":8,"column":10}},"5":{"start":{"line":9,"column":8},"end":{"line":9,"column":30}},"6":{"start":{"line":11,"column":8},"end":{"line":11,"column":55}},"7":{"start":{"line":12,"column":8},"end":{"line":12,"column":66}},"8":{"start":{"line":16,"column":22},"end":{"line":30,"column":1}},"9":{"start":{"line":17,"column":4},"end":{"line":29,"column":5}},"10":{"start":{"line":18,"column":23},"end":{"line":18,"column":33}},"11":{"start":{"line":19,"column":23},"end":{"line":19,"column":82}},"12":{"start":{"line":21,"column":8},"end":{"line":23,"column":9}},"13":{"start":{"line":22,"column":12},"end":{"line":22,"column":71}},"14":{"start":{"line":25,"column":8},"end":{"line":25,"column":33}},"15":{"start":{"line":27,"column":8},"end":{"line":27,"column":54}},"16":{"start":{"line":28,"column":8},"end":{"line":28,"column":65}},"17":{"start":{"line":32,"column":21},"end":{"line":48,"column":1}},"18":{"start":{"line":33,"column":4},"end":{"line":47,"column":5}},"19":{"start":{"line":34,"column":88},"end":{"line":34,"column":96}},"20":{"start":{"line":36,"column":23},"end":{"line":41,"column":9}},"21":{"start":{"line":43,"column":8},"end":{"line":43,"column":45}},"22":{"start":{"line":45,"column":8},"end":{"line":45,"column":54}},"23":{"start":{"line":46,"column":8},"end":{"line":46,"column":65}},"24":{"start":{"line":50,"column":21},"end":{"line":72,"column":1}},"25":{"start":{"line":51,"column":4},"end":{"line":71,"column":5}},"26":{"start":{"line":52,"column":23},"end":{"line":52,"column":33}},"27":{"start":{"line":53,"column":88},"end":{"line":53,"column":96}},"28":{"start":{"line":55,"column":23},"end":{"line":61,"column":9}},"29":{"start":{"line":63,"column":8},"end":{"line":65,"column":9}},"30":{"start":{"line":64,"column":12},"end":{"line":64,"column":71}},"31":{"start":{"line":67,"column":8},"end":{"line":67,"column":33}},"32":{"start":{"line":69,"column":8},"end":{"line":69,"column":54}},"33":{"start":{"line":70,"column":8},"end":{"line":70,"column":65}},"34":{"start":{"line":74,"column":21},"end":{"line":88,"column":1}},"35":{"start":{"line":75,"column":4},"end":{"line":87,"column":5}},"36":{"start":{"line":76,"column":23},"end":{"line":76,"column":33}},"37":{"start":{"line":77,"column":23},"end":{"line":77,"column":92}},"38":{"start":{"line":79,"column":8},"end":{"line":81,"column":9}},"39":{"start":{"line":80,"column":12},"end":{"line":80,"column":71}},"40":{"start":{"line":83,"column":8},"end":{"line":83,"column":61}},"41":{"start":{"line":85,"column":8},"end":{"line":85,"column":54}},"42":{"start":{"line":86,"column":8},"end":{"line":86,"column":65}},"43":{"start":{"line":90,"column":20},"end":{"line":123,"column":1}},"44":{"start":{"line":91,"column":4},"end":{"line":122,"column":5}},"45":{"start":{"line":92,"column":27},"end":{"line":92,"column":35}},"46":{"start":{"line":95,"column":27},"end":{"line":95,"column":88}},"47":{"start":{"line":96,"column":8},"end":{"line":98,"column":9}},"48":{"start":{"line":97,"column":12},"end":{"line":97,"column":73}},"49":{"start":{"line":99,"column":21},"end":{"line":99,"column":39}},"50":{"start":{"line":102,"column":31},"end":{"line":102,"column":102}},"51":{"start":{"line":103,"column":8},"end":{"line":105,"column":9}},"52":{"start":{"line":104,"column":12},"end":{"line":104,"column":90}},"53":{"start":{"line":108,"column":29},"end":{"line":113,"column":9}},"54":{"start":{"line":116,"column":8},"end":{"line":116,"column":86}},"55":{"start":{"line":118,"column":8},"end":{"line":118,"column":51}},"56":{"start":{"line":120,"column":8},"end":{"line":120,"column":54}},"57":{"start":{"line":121,"column":8},"end":{"line":121,"column":70}},"58":{"start":{"line":125,"column":0},"end":{"line":132,"column":2}}},"fnMap":{"0":{"name":"(anonymous_0)","decl":{"start":{"line":4,"column":19},"end":{"line":4,"column":20}},"loc":{"start":{"line":4,"column":39},"end":{"line":14,"column":1}},"line":4},"1":{"name":"(anonymous_1)","decl":{"start":{"line":16,"column":22},"end":{"line":16,"column":23}},"loc":{"start":{"line":16,"column":42},"end":{"line":30,"column":1}},"line":16},"2":{"name":"(anonymous_2)","decl":{"start":{"line":32,"column":21},"end":{"line":32,"column":22}},"loc":{"start":{"line":32,"column":41},"end":{"line":48,"column":1}},"line":32},"3":{"name":"(anonymous_3)","decl":{"start":{"line":50,"column":21},"end":{"line":50,"column":22}},"loc":{"start":{"line":50,"column":41},"end":{"line":72,"column":1}},"line":50},"4":{"name":"(anonymous_4)","decl":{"start":{"line":74,"column":21},"end":{"line":74,"column":22}},"loc":{"start":{"line":74,"column":41},"end":{"line":88,"column":1}},"line":74},"5":{"name":"(anonymous_5)","decl":{"start":{"line":90,"column":20},"end":{"line":90,"column":21}},"loc":{"start":{"line":90,"column":40},"end":{"line":123,"column":1}},"line":90}},"branchMap":{"0":{"loc":{"start":{"line":21,"column":8},"end":{"line":23,"column":9}},"type":"if","locations":[{"start":{"line":21,"column":8},"end":{"line":23,"column":9}},{"start":{},"end":{}}],"line":21},"1":{"loc":{"start":{"line":63,"column":8},"end":{"line":65,"column":9}},"type":"if","locations":[{"start":{"line":63,"column":8},"end":{"line":65,"column":9}},{"start":{},"end":{}}],"line":63},"2":{"loc":{"start":{"line":79,"column":8},"end":{"line":81,"column":9}},"type":"if","locations":[{"start":{"line":79,"column":8},"end":{"line":81,"column":9}},{"start":{},"end":{}}],"line":79},"3":{"loc":{"start":{"line":96,"column":8},"end":{"line":98,"column":9}},"type":"if","locations":[{"start":{"line":96,"column":8},"end":{"line":98,"column":9}},{"start":{},"end":{}}],"line":96},"4":{"loc":{"start":{"line":103,"column":8},"end":{"line":105,"column":9}},"type":"if","locations":[{"start":{"line":103,"column":8},"end":{"line":105,"column":9}},{"start":{},"end":{}}],"line":103}},"s":{"0":4,"1":4,"2":4,"3":0,"4":0,"5":0,"6":0,"7":0,"8":4,"9":0,"10":0,"11":0,"12":0,"13":0,"14":0,"15":0,"16":0,"17":4,"18":0,"19":0,"20":0,"21":0,"22":0,"23":0,"24":4,"25":0,"26":0,"27":0,"28":0,"29":0,"30":0,"31":0,"32":0,"33":0,"34":4,"35":0,"36":0,"37":0,"38":0,"39":0,"40":0,"41":0,"42":0,"43":4,"44":0,"45":0,"46":0,"47":0,"48":0,"49":0,"50":0,"51":0,"52":0,"53":0,"54":0,"55":0,"56":0,"57":0,"58":4},"f":{"0":0,"1":0,"2":0,"3":0,"4":0,"5":0},"b":{"0":[0,0],"1":[0,0],"2":[0,0],"3":[0,0],"4":[0,0]},"_coverageSchema":"1a1c01bbd47fc00a2c39e90264f33305004495a9","hash":"aaa894c2e5cad65da5dfb7a087a9a800afdcbc73"}
,"/Users/cex/Desktop/Crm App Tpv/backend/controllers/commentController.js": {"path":"/Users/cex/Desktop/Crm App Tpv/backend/controllers/commentController.js","statementMap":{"0":{"start":{"line":1,"column":11},"end":{"line":1,"column":40}},"1":{"start":{"line":4,"column":20},"end":{"line":16,"column":1}},"2":{"start":{"line":5,"column":4},"end":{"line":15,"column":5}},"3":{"start":{"line":6,"column":31},"end":{"line":6,"column":41}},"4":{"start":{"line":7,"column":23},"end":{"line":10,"column":9}},"5":{"start":{"line":11,"column":8},"end":{"line":11,"column":30}},"6":{"start":{"line":13,"column":8},"end":{"line":13,"column":56}},"7":{"start":{"line":14,"column":8},"end":{"line":14,"column":62}},"8":{"start":{"line":19,"column":19},"end":{"line":48,"column":1}},"9":{"start":{"line":20,"column":4},"end":{"line":47,"column":5}},"10":{"start":{"line":21,"column":31},"end":{"line":21,"column":41}},"11":{"start":{"line":22,"column":48},"end":{"line":22,"column":56}},"12":{"start":{"line":24,"column":8},"end":{"line":26,"column":9}},"13":{"start":{"line":25,"column":12},"end":{"line":25,"column":89}},"14":{"start":{"line":28,"column":23},"end":{"line":33,"column":9}},"15":{"start":{"line":36,"column":8},"end":{"line":41,"column":9}},"16":{"start":{"line":37,"column":12},"end":{"line":40,"column":14}},"17":{"start":{"line":43,"column":8},"end":{"line":43,"column":45}},"18":{"start":{"line":45,"column":8},"end":{"line":45,"column":54}},"19":{"start":{"line":46,"column":8},"end":{"line":46,"column":62}},"20":{"start":{"line":50,"column":0},"end":{"line":53,"column":2}}},"fnMap":{"0":{"name":"(anonymous_0)","decl":{"start":{"line":4,"column":20},"end":{"line":4,"column":21}},"loc":{"start":{"line":4,"column":40},"end":{"line":16,"column":1}},"line":4},"1":{"name":"(anonymous_1)","decl":{"start":{"line":19,"column":19},"end":{"line":19,"column":20}},"loc":{"start":{"line":19,"column":39},"end":{"line":48,"column":1}},"line":19}},"branchMap":{"0":{"loc":{"start":{"line":24,"column":8},"end":{"line":26,"column":9}},"type":"if","locations":[{"start":{"line":24,"column":8},"end":{"line":26,"column":9}},{"start":{},"end":{}}],"line":24},"1":{"loc":{"start":{"line":36,"column":8},"end":{"line":41,"column":9}},"type":"if","locations":[{"start":{"line":36,"column":8},"end":{"line":41,"column":9}},{"start":{},"end":{}}],"line":36}},"s":{"0":5,"1":5,"2":0,"3":0,"4":0,"5":0,"6":0,"7":0,"8":5,"9":0,"10":0,"11":0,"12":0,"13":0,"14":0,"15":0,"16":0,"17":0,"18":0,"19":0,"20":5},"f":{"0":0,"1":0},"b":{"0":[0,0],"1":[0,0]},"_coverageSchema":"1a1c01bbd47fc00a2c39e90264f33305004495a9","hash":"be7914d1d4631e352317fa783d1cbd2dd7373ab2"}
,"/Users/cex/Desktop/Crm App Tpv/backend/controllers/emailTemplatesController.js": {"path":"/Users/cex/Desktop/Crm App Tpv/backend/controllers/emailTemplatesController.js","statementMap":{"0":{"start":{"line":1,"column":11},"end":{"line":1,"column":24}},"1":{"start":{"line":2,"column":13},"end":{"line":2,"column":28}},"2":{"start":{"line":5,"column":26},"end":{"line":28,"column":1}},"3":{"start":{"line":6,"column":4},"end":{"line":27,"column":5}},"4":{"start":{"line":7,"column":29},"end":{"line":7,"column":65}},"5":{"start":{"line":8,"column":22},"end":{"line":8,"column":89}},"6":{"start":{"line":8,"column":66},"end":{"line":8,"column":88}},"7":{"start":{"line":10,"column":26},"end":{"line":21,"column":10}},"8":{"start":{"line":11,"column":28},"end":{"line":11,"column":86}},"9":{"start":{"line":12,"column":25},"end":{"line":12,"column":54}},"10":{"start":{"line":14,"column":12},"end":{"line":20,"column":14}},"11":{"start":{"line":23,"column":8},"end":{"line":23,"column":28}},"12":{"start":{"line":25,"column":8},"end":{"line":25,"column":63}},"13":{"start":{"line":26,"column":8},"end":{"line":26,"column":71}},"14":{"start":{"line":31,"column":28},"end":{"line":57,"column":1}},"15":{"start":{"line":32,"column":4},"end":{"line":56,"column":5}},"16":{"start":{"line":33,"column":23},"end":{"line":33,"column":33}},"17":{"start":{"line":34,"column":28},"end":{"line":34,"column":36}},"18":{"start":{"line":36,"column":8},"end":{"line":38,"column":9}},"19":{"start":{"line":37,"column":12},"end":{"line":37,"column":74}},"20":{"start":{"line":40,"column":29},"end":{"line":40,"column":65}},"21":{"start":{"line":41,"column":25},"end":{"line":41,"column":37}},"22":{"start":{"line":42,"column":25},"end":{"line":42,"column":58}},"23":{"start":{"line":45,"column":8},"end":{"line":47,"column":9}},"24":{"start":{"line":46,"column":12},"end":{"line":46,"column":73}},"25":{"start":{"line":50,"column":8},"end":{"line":50,"column":52}},"26":{"start":{"line":52,"column":8},"end":{"line":52,"column":67}},"27":{"start":{"line":54,"column":8},"end":{"line":54,"column":63}},"28":{"start":{"line":55,"column":8},"end":{"line":55,"column":73}},"29":{"start":{"line":59,"column":0},"end":{"line":62,"column":2}}},"fnMap":{"0":{"name":"(anonymous_0)","decl":{"start":{"line":5,"column":26},"end":{"line":5,"column":27}},"loc":{"start":{"line":5,"column":46},"end":{"line":28,"column":1}},"line":5},"1":{"name":"(anonymous_1)","decl":{"start":{"line":8,"column":58},"end":{"line":8,"column":59}},"loc":{"start":{"line":8,"column":66},"end":{"line":8,"column":88}},"line":8},"2":{"name":"(anonymous_2)","decl":{"start":{"line":10,"column":36},"end":{"line":10,"column":37}},"loc":{"start":{"line":10,"column":48},"end":{"line":21,"column":9}},"line":10},"3":{"name":"(anonymous_3)","decl":{"start":{"line":31,"column":28},"end":{"line":31,"column":29}},"loc":{"start":{"line":31,"column":48},"end":{"line":57,"column":1}},"line":31}},"branchMap":{"0":{"loc":{"start":{"line":36,"column":8},"end":{"line":38,"column":9}},"type":"if","locations":[{"start":{"line":36,"column":8},"end":{"line":38,"column":9}},{"start":{},"end":{}}],"line":36},"1":{"loc":{"start":{"line":45,"column":8},"end":{"line":47,"column":9}},"type":"if","locations":[{"start":{"line":45,"column":8},"end":{"line":47,"column":9}},{"start":{},"end":{}}],"line":45}},"s":{"0":5,"1":5,"2":5,"3":3,"4":3,"5":3,"6":7,"7":2,"8":5,"9":5,"10":5,"11":2,"12":1,"13":1,"14":5,"15":6,"16":6,"17":6,"18":6,"19":1,"20":5,"21":5,"22":5,"23":5,"24":2,"25":3,"26":2,"27":1,"28":1,"29":5},"f":{"0":3,"1":7,"2":5,"3":6},"b":{"0":[1,5],"1":[2,3]},"_coverageSchema":"1a1c01bbd47fc00a2c39e90264f33305004495a9","hash":"6492f69afcadfadce24203a7af984976c0c0f7e3"}
,"/Users/cex/Desktop/Crm App Tpv/backend/controllers/leadsController.js": {"path":"/Users/cex/Desktop/Crm App Tpv/backend/controllers/leadsController.js","statementMap":{"0":{"start":{"line":1,"column":11},"end":{"line":1,"column":40}},"1":{"start":{"line":2,"column":23},"end":{"line":2,"column":38}},"2":{"start":{"line":3,"column":21},"end":{"line":3,"column":56}},"3":{"start":{"line":4,"column":26},"end":{"line":4,"column":68}},"4":{"start":{"line":7,"column":17},"end":{"line":48,"column":1}},"5":{"start":{"line":8,"column":4},"end":{"line":47,"column":5}},"6":{"start":{"line":9,"column":35},"end":{"line":9,"column":44}},"7":{"start":{"line":10,"column":20},"end":{"line":25,"column":9}},"8":{"start":{"line":26,"column":23},"end":{"line":26,"column":25}},"9":{"start":{"line":27,"column":25},"end":{"line":27,"column":26}},"10":{"start":{"line":29,"column":8},"end":{"line":33,"column":9}},"11":{"start":{"line":30,"column":12},"end":{"line":30,"column":54}},"12":{"start":{"line":31,"column":12},"end":{"line":31,"column":32}},"13":{"start":{"line":32,"column":12},"end":{"line":32,"column":25}},"14":{"start":{"line":35,"column":8},"end":{"line":38,"column":9}},"15":{"start":{"line":36,"column":12},"end":{"line":36,"column":130}},"16":{"start":{"line":37,"column":12},"end":{"line":37,"column":39}},"17":{"start":{"line":40,"column":8},"end":{"line":40,"column":73}},"18":{"start":{"line":42,"column":23},"end":{"line":42,"column":52}},"19":{"start":{"line":43,"column":8},"end":{"line":43,"column":30}},"20":{"start":{"line":45,"column":8},"end":{"line":45,"column":53}},"21":{"start":{"line":46,"column":8},"end":{"line":46,"column":62}},"22":{"start":{"line":51,"column":19},"end":{"line":99,"column":1}},"23":{"start":{"line":52,"column":4},"end":{"line":98,"column":5}},"24":{"start":{"line":53,"column":87},"end":{"line":53,"column":95}},"25":{"start":{"line":55,"column":8},"end":{"line":57,"column":9}},"26":{"start":{"line":56,"column":12},"end":{"line":56,"column":84}},"27":{"start":{"line":59,"column":29},"end":{"line":59,"column":93}},"28":{"start":{"line":60,"column":8},"end":{"line":62,"column":9}},"29":{"start":{"line":61,"column":12},"end":{"line":61,"column":87}},"30":{"start":{"line":64,"column":23},"end":{"line":69,"column":9}},"31":{"start":{"line":71,"column":21},"end":{"line":71,"column":35}},"32":{"start":{"line":74,"column":8},"end":{"line":78,"column":9}},"33":{"start":{"line":75,"column":12},"end":{"line":75,"column":59}},"34":{"start":{"line":77,"column":12},"end":{"line":77,"column":75}},"35":{"start":{"line":81,"column":8},"end":{"line":85,"column":9}},"36":{"start":{"line":82,"column":12},"end":{"line":82,"column":54}},"37":{"start":{"line":84,"column":12},"end":{"line":84,"column":75}},"38":{"start":{"line":88,"column":8},"end":{"line":92,"column":9}},"39":{"start":{"line":89,"column":12},"end":{"line":89,"column":38}},"40":{"start":{"line":91,"column":12},"end":{"line":91,"column":70}},"41":{"start":{"line":94,"column":8},"end":{"line":94,"column":35}},"42":{"start":{"line":96,"column":8},"end":{"line":96,"column":53}},"43":{"start":{"line":97,"column":8},"end":{"line":97,"column":62}},"44":{"start":{"line":102,"column":19},"end":{"line":129,"column":1}},"45":{"start":{"line":103,"column":4},"end":{"line":128,"column":5}},"46":{"start":{"line":104,"column":23},"end":{"line":104,"column":33}},"47":{"start":{"line":105,"column":73},"end":{"line":105,"column":81}},"48":{"start":{"line":107,"column":23},"end":{"line":118,"column":9}},"49":{"start":{"line":120,"column":8},"end":{"line":122,"column":9}},"50":{"start":{"line":121,"column":12},"end":{"line":121,"column":73}},"51":{"start":{"line":124,"column":8},"end":{"line":124,"column":33}},"52":{"start":{"line":126,"column":8},"end":{"line":126,"column":53}},"53":{"start":{"line":127,"column":8},"end":{"line":127,"column":62}},"54":{"start":{"line":132,"column":20},"end":{"line":146,"column":1}},"55":{"start":{"line":133,"column":4},"end":{"line":145,"column":5}},"56":{"start":{"line":134,"column":23},"end":{"line":134,"column":33}},"57":{"start":{"line":135,"column":23},"end":{"line":135,"column":80}},"58":{"start":{"line":137,"column":8},"end":{"line":139,"column":9}},"59":{"start":{"line":138,"column":12},"end":{"line":138,"column":73}},"60":{"start":{"line":141,"column":8},"end":{"line":141,"column":33}},"61":{"start":{"line":143,"column":8},"end":{"line":143,"column":52}},"62":{"start":{"line":144,"column":8},"end":{"line":144,"column":62}},"63":{"start":{"line":149,"column":21},"end":{"line":170,"column":1}},"64":{"start":{"line":150,"column":4},"end":{"line":169,"column":5}},"65":{"start":{"line":151,"column":22},"end":{"line":163,"column":10}},"66":{"start":{"line":165,"column":8},"end":{"line":165,"column":32}},"67":{"start":{"line":167,"column":8},"end":{"line":167,"column":53}},"68":{"start":{"line":168,"column":8},"end":{"line":168,"column":62}},"69":{"start":{"line":173,"column":19},"end":{"line":187,"column":1}},"70":{"start":{"line":174,"column":4},"end":{"line":186,"column":5}},"71":{"start":{"line":175,"column":23},"end":{"line":175,"column":33}},"72":{"start":{"line":176,"column":23},"end":{"line":176,"column":90}},"73":{"start":{"line":178,"column":8},"end":{"line":180,"column":9}},"74":{"start":{"line":179,"column":12},"end":{"line":179,"column":73}},"75":{"start":{"line":182,"column":8},"end":{"line":182,"column":62}},"76":{"start":{"line":184,"column":8},"end":{"line":184,"column":53}},"77":{"start":{"line":185,"column":8},"end":{"line":185,"column":62}},"78":{"start":{"line":189,"column":0},"end":{"line":196,"column":2}}},"fnMap":{"0":{"name":"(anonymous_0)","decl":{"start":{"line":7,"column":17},"end":{"line":7,"column":18}},"loc":{"start":{"line":7,"column":37},"end":{"line":48,"column":1}},"line":7},"1":{"name":"(anonymous_1)","decl":{"start":{"line":51,"column":19},"end":{"line":51,"column":20}},"loc":{"start":{"line":51,"column":39},"end":{"line":99,"column":1}},"line":51},"2":{"name":"(anonymous_2)","decl":{"start":{"line":102,"column":19},"end":{"line":102,"column":20}},"loc":{"start":{"line":102,"column":39},"end":{"line":129,"column":1}},"line":102},"3":{"name":"(anonymous_3)","decl":{"start":{"line":132,"column":20},"end":{"line":132,"column":21}},"loc":{"start":{"line":132,"column":40},"end":{"line":146,"column":1}},"line":132},"4":{"name":"(anonymous_4)","decl":{"start":{"line":149,"column":21},"end":{"line":149,"column":22}},"loc":{"start":{"line":149,"column":41},"end":{"line":170,"column":1}},"line":149},"5":{"name":"(anonymous_5)","decl":{"start":{"line":173,"column":19},"end":{"line":173,"column":20}},"loc":{"start":{"line":173,"column":39},"end":{"line":187,"column":1}},"line":173}},"branchMap":{"0":{"loc":{"start":{"line":29,"column":8},"end":{"line":33,"column":9}},"type":"if","locations":[{"start":{"line":29,"column":8},"end":{"line":33,"column":9}},{"start":{},"end":{}}],"line":29},"1":{"loc":{"start":{"line":35,"column":8},"end":{"line":38,"column":9}},"type":"if","locations":[{"start":{"line":35,"column":8},"end":{"line":38,"column":9}},{"start":{},"end":{}}],"line":35},"2":{"loc":{"start":{"line":53,"column":59},"end":{"line":53,"column":82}},"type":"default-arg","locations":[{"start":{"line":53,"column":68},"end":{"line":53,"column":82}}],"line":53},"3":{"loc":{"start":{"line":55,"column":8},"end":{"line":57,"column":9}},"type":"if","locations":[{"start":{"line":55,"column":8},"end":{"line":57,"column":9}},{"start":{},"end":{}}],"line":55},"4":{"loc":{"start":{"line":55,"column":12},"end":{"line":55,"column":27}},"type":"binary-expr","locations":[{"start":{"line":55,"column":12},"end":{"line":55,"column":17}},{"start":{"line":55,"column":21},"end":{"line":55,"column":27}}],"line":55},"5":{"loc":{"start":{"line":60,"column":8},"end":{"line":62,"column":9}},"type":"if","locations":[{"start":{"line":60,"column":8},"end":{"line":62,"column":9}},{"start":{},"end":{}}],"line":60},"6":{"loc":{"start":{"line":120,"column":8},"end":{"line":122,"column":9}},"type":"if","locations":[{"start":{"line":120,"column":8},"end":{"line":122,"column":9}},{"start":{},"end":{}}],"line":120},"7":{"loc":{"start":{"line":137,"column":8},"end":{"line":139,"column":9}},"type":"if","locations":[{"start":{"line":137,"column":8},"end":{"line":139,"column":9}},{"start":{},"end":{}}],"line":137},"8":{"loc":{"start":{"line":178,"column":8},"end":{"line":180,"column":9}},"type":"if","locations":[{"start":{"line":178,"column":8},"end":{"line":180,"column":9}},{"start":{},"end":{}}],"line":178}},"s":{"0":4,"1":4,"2":4,"3":4,"4":4,"5":3,"6":3,"7":3,"8":3,"9":3,"10":3,"11":1,"12":1,"13":1,"14":3,"15":1,"16":1,"17":3,"18":3,"19":3,"20":0,"21":0,"22":4,"23":2,"24":2,"25":2,"26":0,"27":2,"28":2,"29":1,"30":1,"31":1,"32":1,"33":1,"34":0,"35":1,"36":1,"37":0,"38":1,"39":1,"40":0,"41":1,"42":0,"43":0,"44":4,"45":1,"46":1,"47":1,"48":1,"49":1,"50":0,"51":1,"52":0,"53":0,"54":4,"55":2,"56":2,"57":2,"58":2,"59":1,"60":1,"61":0,"62":0,"63":4,"64":0,"65":0,"66":0,"67":0,"68":0,"69":4,"70":0,"71":0,"72":0,"73":0,"74":0,"75":0,"76":0,"77":0,"78":4},"f":{"0":3,"1":2,"2":1,"3":2,"4":0,"5":0},"b":{"0":[1,2],"1":[1,2],"2":[2],"3":[0,2],"4":[2,2],"5":[1,1],"6":[0,1],"7":[1,1],"8":[0,0]},"_coverageSchema":"1a1c01bbd47fc00a2c39e90264f33305004495a9","hash":"000f1ef30dec2b12a2098c225f752e1558f7b893"}
,"/Users/cex/Desktop/Crm App Tpv/backend/controllers/meetingController.js": {"path":"/Users/cex/Desktop/Crm App Tpv/backend/controllers/meetingController.js","statementMap":{"0":{"start":{"line":1,"column":11},"end":{"line":1,"column":40}},"1":{"start":{"line":2,"column":22},"end":{"line":2,"column":57}},"2":{"start":{"line":5,"column":20},"end":{"line":32,"column":1}},"3":{"start":{"line":6,"column":4},"end":{"line":31,"column":5}},"4":{"start":{"line":7,"column":39},"end":{"line":7,"column":48}},"5":{"start":{"line":8,"column":20},"end":{"line":8,"column":54}},"6":{"start":{"line":9,"column":23},"end":{"line":9,"column":25}},"7":{"start":{"line":10,"column":25},"end":{"line":10,"column":26}},"8":{"start":{"line":12,"column":8},"end":{"line":16,"column":9}},"9":{"start":{"line":13,"column":12},"end":{"line":13,"column":53}},"10":{"start":{"line":14,"column":12},"end":{"line":14,"column":32}},"11":{"start":{"line":15,"column":12},"end":{"line":15,"column":25}},"12":{"start":{"line":18,"column":8},"end":{"line":22,"column":9}},"13":{"start":{"line":19,"column":12},"end":{"line":19,"column":57}},"14":{"start":{"line":20,"column":12},"end":{"line":20,"column":36}},"15":{"start":{"line":21,"column":12},"end":{"line":21,"column":25}},"16":{"start":{"line":24,"column":8},"end":{"line":24,"column":48}},"17":{"start":{"line":26,"column":23},"end":{"line":26,"column":52}},"18":{"start":{"line":27,"column":8},"end":{"line":27,"column":30}},"19":{"start":{"line":29,"column":8},"end":{"line":29,"column":56}},"20":{"start":{"line":30,"column":8},"end":{"line":30,"column":62}},"21":{"start":{"line":35,"column":24},"end":{"line":86,"column":1}},"22":{"start":{"line":36,"column":4},"end":{"line":85,"column":5}},"23":{"start":{"line":37,"column":91},"end":{"line":37,"column":99}},"24":{"start":{"line":39,"column":8},"end":{"line":41,"column":9}},"25":{"start":{"line":40,"column":12},"end":{"line":40,"column":82}},"26":{"start":{"line":44,"column":28},"end":{"line":44,"column":182}},"27":{"start":{"line":46,"column":23},"end":{"line":51,"column":9}},"28":{"start":{"line":53,"column":24},"end":{"line":53,"column":38}},"29":{"start":{"line":56,"column":27},"end":{"line":56,"column":88}},"30":{"start":{"line":57,"column":21},"end":{"line":57,"column":39}},"31":{"start":{"line":60,"column":24},"end":{"line":60,"column":57}},"32":{"start":{"line":61,"column":21},"end":{"line":74,"column":9}},"33":{"start":{"line":76,"column":8},"end":{"line":76,"column":51}},"34":{"start":{"line":79,"column":8},"end":{"line":79,"column":83}},"35":{"start":{"line":81,"column":8},"end":{"line":81,"column":38}},"36":{"start":{"line":83,"column":8},"end":{"line":83,"column":58}},"37":{"start":{"line":84,"column":8},"end":{"line":84,"column":62}},"38":{"start":{"line":88,"column":0},"end":{"line":91,"column":2}}},"fnMap":{"0":{"name":"(anonymous_0)","decl":{"start":{"line":5,"column":20},"end":{"line":5,"column":21}},"loc":{"start":{"line":5,"column":40},"end":{"line":32,"column":1}},"line":5},"1":{"name":"(anonymous_1)","decl":{"start":{"line":35,"column":24},"end":{"line":35,"column":25}},"loc":{"start":{"line":35,"column":44},"end":{"line":86,"column":1}},"line":35}},"branchMap":{"0":{"loc":{"start":{"line":12,"column":8},"end":{"line":16,"column":9}},"type":"if","locations":[{"start":{"line":12,"column":8},"end":{"line":16,"column":9}},{"start":{},"end":{}}],"line":12},"1":{"loc":{"start":{"line":18,"column":8},"end":{"line":22,"column":9}},"type":"if","locations":[{"start":{"line":18,"column":8},"end":{"line":22,"column":9}},{"start":{},"end":{}}],"line":18},"2":{"loc":{"start":{"line":39,"column":8},"end":{"line":41,"column":9}},"type":"if","locations":[{"start":{"line":39,"column":8},"end":{"line":41,"column":9}},{"start":{},"end":{}}],"line":39},"3":{"loc":{"start":{"line":39,"column":12},"end":{"line":39,"column":37}},"type":"binary-expr","locations":[{"start":{"line":39,"column":12},"end":{"line":39,"column":19}},{"start":{"line":39,"column":23},"end":{"line":39,"column":37}}],"line":39},"4":{"loc":{"start":{"line":50,"column":68},"end":{"line":50,"column":89}},"type":"binary-expr","locations":[{"start":{"line":50,"column":68},"end":{"line":50,"column":83}},{"start":{"line":50,"column":87},"end":{"line":50,"column":89}}],"line":50},"5":{"loc":{"start":{"line":69,"column":52},"end":{"line":69,"column":73}},"type":"binary-expr","locations":[{"start":{"line":69,"column":52},"end":{"line":69,"column":67}},{"start":{"line":69,"column":71},"end":{"line":69,"column":73}}],"line":69}},"s":{"0":4,"1":4,"2":4,"3":0,"4":0,"5":0,"6":0,"7":0,"8":0,"9":0,"10":0,"11":0,"12":0,"13":0,"14":0,"15":0,"16":0,"17":0,"18":0,"19":0,"20":0,"21":4,"22":0,"23":0,"24":0,"25":0,"26":0,"27":0,"28":0,"29":0,"30":0,"31":0,"32":0,"33":0,"34":0,"35":0,"36":0,"37":0,"38":4},"f":{"0":0,"1":0},"b":{"0":[0,0],"1":[0,0],"2":[0,0],"3":[0,0],"4":[0,0],"5":[0,0]},"_coverageSchema":"1a1c01bbd47fc00a2c39e90264f33305004495a9","hash":"cb7928baa7a34a95e8b9c4b5b4932ee20549ec24"}
,"/Users/cex/Desktop/Crm App Tpv/backend/controllers/notificationsController.js": {"path":"/Users/cex/Desktop/Crm App Tpv/backend/controllers/notificationsController.js","statementMap":{"0":{"start":{"line":1,"column":11},"end":{"line":1,"column":40}},"1":{"start":{"line":4,"column":25},"end":{"line":25,"column":1}},"2":{"start":{"line":5,"column":4},"end":{"line":24,"column":5}},"3":{"start":{"line":6,"column":23},"end":{"line":6,"column":40}},"4":{"start":{"line":7,"column":51},"end":{"line":7,"column":60}},"5":{"start":{"line":9,"column":20},"end":{"line":9,"column":68}},"6":{"start":{"line":10,"column":23},"end":{"line":10,"column":31}},"7":{"start":{"line":12,"column":8},"end":{"line":14,"column":9}},"8":{"start":{"line":13,"column":12},"end":{"line":13,"column":44}},"9":{"start":{"line":16,"column":8},"end":{"line":16,"column":54}},"10":{"start":{"line":17,"column":8},"end":{"line":17,"column":37}},"11":{"start":{"line":19,"column":23},"end":{"line":19,"column":52}},"12":{"start":{"line":20,"column":8},"end":{"line":20,"column":30}},"13":{"start":{"line":22,"column":8},"end":{"line":22,"column":61}},"14":{"start":{"line":23,"column":8},"end":{"line":23,"column":62}},"15":{"start":{"line":28,"column":19},"end":{"line":47,"column":1}},"16":{"start":{"line":29,"column":4},"end":{"line":46,"column":5}},"17":{"start":{"line":30,"column":23},"end":{"line":30,"column":33}},"18":{"start":{"line":31,"column":23},"end":{"line":31,"column":40}},"19":{"start":{"line":33,"column":23},"end":{"line":36,"column":9}},"20":{"start":{"line":38,"column":8},"end":{"line":40,"column":9}},"21":{"start":{"line":39,"column":12},"end":{"line":39,"column":81}},"22":{"start":{"line":42,"column":8},"end":{"line":42,"column":33}},"23":{"start":{"line":44,"column":8},"end":{"line":44,"column":68}},"24":{"start":{"line":45,"column":8},"end":{"line":45,"column":62}},"25":{"start":{"line":50,"column":22},"end":{"line":64,"column":1}},"26":{"start":{"line":51,"column":4},"end":{"line":63,"column":5}},"27":{"start":{"line":52,"column":23},"end":{"line":52,"column":40}},"28":{"start":{"line":54,"column":8},"end":{"line":57,"column":10}},"29":{"start":{"line":59,"column":8},"end":{"line":59,"column":79}},"30":{"start":{"line":61,"column":8},"end":{"line":61,"column":59}},"31":{"start":{"line":62,"column":8},"end":{"line":62,"column":62}},"32":{"start":{"line":67,"column":23},"end":{"line":81,"column":1}},"33":{"start":{"line":68,"column":4},"end":{"line":80,"column":5}},"34":{"start":{"line":69,"column":23},"end":{"line":69,"column":40}},"35":{"start":{"line":71,"column":23},"end":{"line":74,"column":9}},"36":{"start":{"line":76,"column":8},"end":{"line":76,"column":60}},"37":{"start":{"line":78,"column":8},"end":{"line":78,"column":60}},"38":{"start":{"line":79,"column":8},"end":{"line":79,"column":62}},"39":{"start":{"line":84,"column":27},"end":{"line":103,"column":1}},"40":{"start":{"line":85,"column":4},"end":{"line":102,"column":5}},"41":{"start":{"line":86,"column":23},"end":{"line":86,"column":33}},"42":{"start":{"line":87,"column":23},"end":{"line":87,"column":40}},"43":{"start":{"line":89,"column":23},"end":{"line":92,"column":9}},"44":{"start":{"line":94,"column":8},"end":{"line":96,"column":9}},"45":{"start":{"line":95,"column":12},"end":{"line":95,"column":81}},"46":{"start":{"line":98,"column":8},"end":{"line":98,"column":56}},"47":{"start":{"line":100,"column":8},"end":{"line":100,"column":61}},"48":{"start":{"line":101,"column":8},"end":{"line":101,"column":62}},"49":{"start":{"line":106,"column":27},"end":{"line":125,"column":1}},"50":{"start":{"line":107,"column":4},"end":{"line":124,"column":5}},"51":{"start":{"line":109,"column":23},"end":{"line":112,"column":9}},"52":{"start":{"line":114,"column":29},"end":{"line":114,"column":43}},"53":{"start":{"line":117,"column":30},"end":{"line":117,"column":66}},"54":{"start":{"line":118,"column":8},"end":{"line":118,"column":82}},"55":{"start":{"line":120,"column":8},"end":{"line":120,"column":28}},"56":{"start":{"line":122,"column":8},"end":{"line":122,"column":61}},"57":{"start":{"line":123,"column":8},"end":{"line":123,"column":20}},"58":{"start":{"line":127,"column":0},"end":{"line":134,"column":2}}},"fnMap":{"0":{"name":"(anonymous_0)","decl":{"start":{"line":4,"column":25},"end":{"line":4,"column":26}},"loc":{"start":{"line":4,"column":45},"end":{"line":25,"column":1}},"line":4},"1":{"name":"(anonymous_1)","decl":{"start":{"line":28,"column":19},"end":{"line":28,"column":20}},"loc":{"start":{"line":28,"column":39},"end":{"line":47,"column":1}},"line":28},"2":{"name":"(anonymous_2)","decl":{"start":{"line":50,"column":22},"end":{"line":50,"column":23}},"loc":{"start":{"line":50,"column":42},"end":{"line":64,"column":1}},"line":50},"3":{"name":"(anonymous_3)","decl":{"start":{"line":67,"column":23},"end":{"line":67,"column":24}},"loc":{"start":{"line":67,"column":43},"end":{"line":81,"column":1}},"line":67},"4":{"name":"(anonymous_4)","decl":{"start":{"line":84,"column":27},"end":{"line":84,"column":28}},"loc":{"start":{"line":84,"column":47},"end":{"line":103,"column":1}},"line":84},"5":{"name":"(anonymous_5)","decl":{"start":{"line":106,"column":27},"end":{"line":106,"column":28}},"loc":{"start":{"line":106,"column":78},"end":{"line":125,"column":1}},"line":106}},"branchMap":{"0":{"loc":{"start":{"line":6,"column":23},"end":{"line":6,"column":40}},"type":"binary-expr","locations":[{"start":{"line":6,"column":23},"end":{"line":6,"column":35}},{"start":{"line":6,"column":39},"end":{"line":6,"column":40}}],"line":6},"1":{"loc":{"start":{"line":7,"column":16},"end":{"line":7,"column":26}},"type":"default-arg","locations":[{"start":{"line":7,"column":24},"end":{"line":7,"column":26}}],"line":7},"2":{"loc":{"start":{"line":7,"column":28},"end":{"line":7,"column":46}},"type":"default-arg","locations":[{"start":{"line":7,"column":41},"end":{"line":7,"column":46}}],"line":7},"3":{"loc":{"start":{"line":12,"column":8},"end":{"line":14,"column":9}},"type":"if","locations":[{"start":{"line":12,"column":8},"end":{"line":14,"column":9}},{"start":{},"end":{}}],"line":12},"4":{"loc":{"start":{"line":31,"column":23},"end":{"line":31,"column":40}},"type":"binary-expr","locations":[{"start":{"line":31,"column":23},"end":{"line":31,"column":35}},{"start":{"line":31,"column":39},"end":{"line":31,"column":40}}],"line":31},"5":{"loc":{"start":{"line":38,"column":8},"end":{"line":40,"column":9}},"type":"if","locations":[{"start":{"line":38,"column":8},"end":{"line":40,"column":9}},{"start":{},"end":{}}],"line":38},"6":{"loc":{"start":{"line":52,"column":23},"end":{"line":52,"column":40}},"type":"binary-expr","locations":[{"start":{"line":52,"column":23},"end":{"line":52,"column":35}},{"start":{"line":52,"column":39},"end":{"line":52,"column":40}}],"line":52},"7":{"loc":{"start":{"line":69,"column":23},"end":{"line":69,"column":40}},"type":"binary-expr","locations":[{"start":{"line":69,"column":23},"end":{"line":69,"column":35}},{"start":{"line":69,"column":39},"end":{"line":69,"column":40}}],"line":69},"8":{"loc":{"start":{"line":87,"column":23},"end":{"line":87,"column":40}},"type":"binary-expr","locations":[{"start":{"line":87,"column":23},"end":{"line":87,"column":35}},{"start":{"line":87,"column":39},"end":{"line":87,"column":40}}],"line":87},"9":{"loc":{"start":{"line":94,"column":8},"end":{"line":96,"column":9}},"type":"if","locations":[{"start":{"line":94,"column":8},"end":{"line":96,"column":9}},{"start":{},"end":{}}],"line":94},"10":{"loc":{"start":{"line":106,"column":64},"end":{"line":106,"column":73}},"type":"default-arg","locations":[{"start":{"line":106,"column":71},"end":{"line":106,"column":73}}],"line":106}},"s":{"0":4,"1":4,"2":0,"3":0,"4":0,"5":0,"6":0,"7":0,"8":0,"9":0,"10":0,"11":0,"12":0,"13":0,"14":0,"15":4,"16":0,"17":0,"18":0,"19":0,"20":0,"21":0,"22":0,"23":0,"24":0,"25":4,"26":0,"27":0,"28":0,"29":0,"30":0,"31":0,"32":4,"33":0,"34":0,"35":0,"36":0,"37":0,"38":0,"39":4,"40":0,"41":0,"42":0,"43":0,"44":0,"45":0,"46":0,"47":0,"48":0,"49":4,"50":0,"51":0,"52":0,"53":0,"54":0,"55":0,"56":0,"57":0,"58":4},"f":{"0":0,"1":0,"2":0,"3":0,"4":0,"5":0},"b":{"0":[0,0],"1":[0],"2":[0],"3":[0,0],"4":[0,0],"5":[0,0],"6":[0,0],"7":[0,0],"8":[0,0],"9":[0,0],"10":[0]},"_coverageSchema":"1a1c01bbd47fc00a2c39e90264f33305004495a9","hash":"f102d40a380354b0bdd59a6e430c2f34b637c5e8"}
,"/Users/cex/Desktop/Crm App Tpv/backend/controllers/proposalController.js": {"path":"/Users/cex/Desktop/Crm App Tpv/backend/controllers/proposalController.js","statementMap":{"0":{"start":{"line":1,"column":11},"end":{"line":1,"column":40}},"1":{"start":{"line":2,"column":23},"end":{"line":2,"column":38}},"2":{"start":{"line":3,"column":30},"end":{"line":3,"column":65}},"3":{"start":{"line":4,"column":29},"end":{"line":4,"column":72}},"4":{"start":{"line":7,"column":27},"end":{"line":19,"column":1}},"5":{"start":{"line":8,"column":4},"end":{"line":18,"column":5}},"6":{"start":{"line":9,"column":27},"end":{"line":9,"column":37}},"7":{"start":{"line":10,"column":23},"end":{"line":13,"column":9}},"8":{"start":{"line":14,"column":8},"end":{"line":14,"column":30}},"9":{"start":{"line":16,"column":8},"end":{"line":16,"column":57}},"10":{"start":{"line":17,"column":8},"end":{"line":17,"column":62}},"11":{"start":{"line":22,"column":24},"end":{"line":35,"column":1}},"12":{"start":{"line":23,"column":4},"end":{"line":34,"column":5}},"13":{"start":{"line":24,"column":23},"end":{"line":29,"column":9}},"14":{"start":{"line":30,"column":8},"end":{"line":30,"column":30}},"15":{"start":{"line":32,"column":8},"end":{"line":32,"column":61}},"16":{"start":{"line":33,"column":8},"end":{"line":33,"column":62}},"17":{"start":{"line":38,"column":23},"end":{"line":87,"column":1}},"18":{"start":{"line":39,"column":4},"end":{"line":86,"column":5}},"19":{"start":{"line":40,"column":66},"end":{"line":40,"column":74}},"20":{"start":{"line":42,"column":8},"end":{"line":44,"column":9}},"21":{"start":{"line":43,"column":12},"end":{"line":43,"column":86}},"22":{"start":{"line":47,"column":27},"end":{"line":47,"column":88}},"23":{"start":{"line":48,"column":8},"end":{"line":50,"column":9}},"24":{"start":{"line":49,"column":12},"end":{"line":49,"column":73}},"25":{"start":{"line":51,"column":21},"end":{"line":51,"column":39}},"26":{"start":{"line":54,"column":22},"end":{"line":54,"column":30}},"27":{"start":{"line":57,"column":28},"end":{"line":60,"column":9}},"28":{"start":{"line":62,"column":23},"end":{"line":67,"column":9}},"29":{"start":{"line":69,"column":25},"end":{"line":69,"column":39}},"30":{"start":{"line":72,"column":8},"end":{"line":76,"column":10}},"31":{"start":{"line":79,"column":28},"end":{"line":79,"column":75}},"32":{"start":{"line":80,"column":8},"end":{"line":80,"column":61}},"33":{"start":{"line":82,"column":8},"end":{"line":82,"column":39}},"34":{"start":{"line":84,"column":8},"end":{"line":84,"column":57}},"35":{"start":{"line":85,"column":8},"end":{"line":85,"column":62}},"36":{"start":{"line":90,"column":24},"end":{"line":104,"column":1}},"37":{"start":{"line":91,"column":4},"end":{"line":103,"column":5}},"38":{"start":{"line":92,"column":23},"end":{"line":92,"column":33}},"39":{"start":{"line":93,"column":23},"end":{"line":93,"column":84}},"40":{"start":{"line":95,"column":8},"end":{"line":97,"column":9}},"41":{"start":{"line":96,"column":12},"end":{"line":96,"column":78}},"42":{"start":{"line":99,"column":8},"end":{"line":99,"column":33}},"43":{"start":{"line":101,"column":8},"end":{"line":101,"column":56}},"44":{"start":{"line":102,"column":8},"end":{"line":102,"column":62}},"45":{"start":{"line":107,"column":27},"end":{"line":137,"column":1}},"46":{"start":{"line":108,"column":4},"end":{"line":136,"column":5}},"47":{"start":{"line":109,"column":26},"end":{"line":109,"column":36}},"48":{"start":{"line":112,"column":8},"end":{"line":118,"column":10}},"49":{"start":{"line":120,"column":23},"end":{"line":126,"column":9}},"50":{"start":{"line":128,"column":8},"end":{"line":130,"column":9}},"51":{"start":{"line":129,"column":12},"end":{"line":129,"column":78}},"52":{"start":{"line":132,"column":8},"end":{"line":132,"column":33}},"53":{"start":{"line":134,"column":8},"end":{"line":134,"column":63}},"54":{"start":{"line":135,"column":8},"end":{"line":135,"column":62}},"55":{"start":{"line":140,"column":28},"end":{"line":183,"column":1}},"56":{"start":{"line":141,"column":4},"end":{"line":182,"column":5}},"57":{"start":{"line":142,"column":26},"end":{"line":142,"column":36}},"58":{"start":{"line":143,"column":40},"end":{"line":143,"column":73}},"59":{"start":{"line":145,"column":23},"end":{"line":151,"column":9}},"60":{"start":{"line":153,"column":8},"end":{"line":155,"column":9}},"61":{"start":{"line":154,"column":12},"end":{"line":154,"column":78}},"62":{"start":{"line":157,"column":25},"end":{"line":157,"column":39}},"63":{"start":{"line":158,"column":21},"end":{"line":163,"column":9}},"64":{"start":{"line":165,"column":39},"end":{"line":165,"column":80}},"65":{"start":{"line":167,"column":8},"end":{"line":178,"column":11}},"66":{"start":{"line":168,"column":12},"end":{"line":170,"column":13}},"67":{"start":{"line":169,"column":16},"end":{"line":169,"column":61}},"68":{"start":{"line":172,"column":23},"end":{"line":172,"column":36}},"69":{"start":{"line":173,"column":12},"end":{"line":177,"column":21}},"70":{"start":{"line":174,"column":16},"end":{"line":176,"column":17}},"71":{"start":{"line":175,"column":20},"end":{"line":175,"column":44}},"72":{"start":{"line":180,"column":8},"end":{"line":180,"column":54}},"73":{"start":{"line":181,"column":8},"end":{"line":181,"column":64}},"74":{"start":{"line":186,"column":28},"end":{"line":225,"column":1}},"75":{"start":{"line":187,"column":4},"end":{"line":224,"column":5}},"76":{"start":{"line":188,"column":23},"end":{"line":188,"column":33}},"77":{"start":{"line":191,"column":31},"end":{"line":197,"column":9}},"78":{"start":{"line":199,"column":8},"end":{"line":201,"column":9}},"79":{"start":{"line":200,"column":12},"end":{"line":200,"column":78}},"80":{"start":{"line":203,"column":25},"end":{"line":203,"column":47}},"81":{"start":{"line":204,"column":21},"end":{"line":208,"column":9}},"82":{"start":{"line":211,"column":8},"end":{"line":211,"column":69}},"83":{"start":{"line":214,"column":8},"end":{"line":218,"column":10}},"84":{"start":{"line":220,"column":8},"end":{"line":220,"column":74}},"85":{"start":{"line":222,"column":8},"end":{"line":222,"column":62}},"86":{"start":{"line":223,"column":8},"end":{"line":223,"column":65}},"87":{"start":{"line":228,"column":23},"end":{"line":304,"column":1}},"88":{"start":{"line":229,"column":4},"end":{"line":303,"column":5}},"89":{"start":{"line":230,"column":23},"end":{"line":230,"column":33}},"90":{"start":{"line":231,"column":30},"end":{"line":231,"column":38}},"91":{"start":{"line":234,"column":23},"end":{"line":240,"column":9}},"92":{"start":{"line":242,"column":8},"end":{"line":244,"column":9}},"93":{"start":{"line":243,"column":12},"end":{"line":243,"column":78}},"94":{"start":{"line":246,"column":25},"end":{"line":246,"column":39}},"95":{"start":{"line":247,"column":21},"end":{"line":252,"column":9}},"96":{"start":{"line":255,"column":8},"end":{"line":262,"column":10}},"97":{"start":{"line":265,"column":8},"end":{"line":270,"column":10}},"98":{"start":{"line":273,"column":8},"end":{"line":282,"column":10}},"99":{"start":{"line":285,"column":8},"end":{"line":291,"column":9}},"100":{"start":{"line":286,"column":12},"end":{"line":286,"column":81}},"101":{"start":{"line":287,"column":12},"end":{"line":287,"column":83}},"102":{"start":{"line":289,"column":12},"end":{"line":289,"column":74}},"103":{"start":{"line":293,"column":8},"end":{"line":299,"column":11}},"104":{"start":{"line":301,"column":8},"end":{"line":301,"column":58}},"105":{"start":{"line":302,"column":8},"end":{"line":302,"column":70}},"106":{"start":{"line":307,"column":23},"end":{"line":326,"column":1}},"107":{"start":{"line":308,"column":4},"end":{"line":325,"column":5}},"108":{"start":{"line":309,"column":23},"end":{"line":309,"column":33}},"109":{"start":{"line":312,"column":28},"end":{"line":312,"column":89}},"110":{"start":{"line":314,"column":8},"end":{"line":316,"column":9}},"111":{"start":{"line":315,"column":12},"end":{"line":315,"column":78}},"112":{"start":{"line":319,"column":8},"end":{"line":319,"column":68}},"113":{"start":{"line":321,"column":8},"end":{"line":321,"column":67}},"114":{"start":{"line":323,"column":8},"end":{"line":323,"column":57}},"115":{"start":{"line":324,"column":8},"end":{"line":324,"column":62}},"116":{"start":{"line":329,"column":28},"end":{"line":369,"column":1}},"117":{"start":{"line":330,"column":4},"end":{"line":368,"column":5}},"118":{"start":{"line":331,"column":23},"end":{"line":331,"column":33}},"119":{"start":{"line":334,"column":31},"end":{"line":340,"column":9}},"120":{"start":{"line":342,"column":8},"end":{"line":344,"column":9}},"121":{"start":{"line":343,"column":12},"end":{"line":343,"column":78}},"122":{"start":{"line":346,"column":25},"end":{"line":346,"column":47}},"123":{"start":{"line":347,"column":21},"end":{"line":351,"column":9}},"124":{"start":{"line":354,"column":28},"end":{"line":354,"column":84}},"125":{"start":{"line":355,"column":8},"end":{"line":355,"column":61}},"126":{"start":{"line":358,"column":8},"end":{"line":362,"column":10}},"127":{"start":{"line":364,"column":8},"end":{"line":364,"column":76}},"128":{"start":{"line":366,"column":8},"end":{"line":366,"column":64}},"129":{"start":{"line":367,"column":8},"end":{"line":367,"column":67}},"130":{"start":{"line":371,"column":0},"end":{"line":382,"column":2}}},"fnMap":{"0":{"name":"(anonymous_0)","decl":{"start":{"line":7,"column":27},"end":{"line":7,"column":28}},"loc":{"start":{"line":7,"column":47},"end":{"line":19,"column":1}},"line":7},"1":{"name":"(anonymous_1)","decl":{"start":{"line":22,"column":24},"end":{"line":22,"column":25}},"loc":{"start":{"line":22,"column":44},"end":{"line":35,"column":1}},"line":22},"2":{"name":"(anonymous_2)","decl":{"start":{"line":38,"column":23},"end":{"line":38,"column":24}},"loc":{"start":{"line":38,"column":43},"end":{"line":87,"column":1}},"line":38},"3":{"name":"(anonymous_3)","decl":{"start":{"line":90,"column":24},"end":{"line":90,"column":25}},"loc":{"start":{"line":90,"column":44},"end":{"line":104,"column":1}},"line":90},"4":{"name":"(anonymous_4)","decl":{"start":{"line":107,"column":27},"end":{"line":107,"column":28}},"loc":{"start":{"line":107,"column":47},"end":{"line":137,"column":1}},"line":107},"5":{"name":"(anonymous_5)","decl":{"start":{"line":140,"column":28},"end":{"line":140,"column":29}},"loc":{"start":{"line":140,"column":48},"end":{"line":183,"column":1}},"line":140},"6":{"name":"(anonymous_6)","decl":{"start":{"line":167,"column":41},"end":{"line":167,"column":42}},"loc":{"start":{"line":167,"column":50},"end":{"line":178,"column":9}},"line":167},"7":{"name":"(anonymous_7)","decl":{"start":{"line":173,"column":23},"end":{"line":173,"column":24}},"loc":{"start":{"line":173,"column":29},"end":{"line":177,"column":13}},"line":173},"8":{"name":"(anonymous_8)","decl":{"start":{"line":186,"column":28},"end":{"line":186,"column":29}},"loc":{"start":{"line":186,"column":48},"end":{"line":225,"column":1}},"line":186},"9":{"name":"(anonymous_9)","decl":{"start":{"line":228,"column":23},"end":{"line":228,"column":24}},"loc":{"start":{"line":228,"column":43},"end":{"line":304,"column":1}},"line":228},"10":{"name":"(anonymous_10)","decl":{"start":{"line":307,"column":23},"end":{"line":307,"column":24}},"loc":{"start":{"line":307,"column":43},"end":{"line":326,"column":1}},"line":307},"11":{"name":"(anonymous_11)","decl":{"start":{"line":329,"column":28},"end":{"line":329,"column":29}},"loc":{"start":{"line":329,"column":48},"end":{"line":369,"column":1}},"line":329}},"branchMap":{"0":{"loc":{"start":{"line":42,"column":8},"end":{"line":44,"column":9}},"type":"if","locations":[{"start":{"line":42,"column":8},"end":{"line":44,"column":9}},{"start":{},"end":{}}],"line":42},"1":{"loc":{"start":{"line":42,"column":12},"end":{"line":42,"column":29}},"type":"binary-expr","locations":[{"start":{"line":42,"column":12},"end":{"line":42,"column":19}},{"start":{"line":42,"column":23},"end":{"line":42,"column":29}}],"line":42},"2":{"loc":{"start":{"line":48,"column":8},"end":{"line":50,"column":9}},"type":"if","locations":[{"start":{"line":48,"column":8},"end":{"line":50,"column":9}},{"start":{},"end":{}}],"line":48},"3":{"loc":{"start":{"line":58,"column":19},"end":{"line":58,"column":30}},"type":"binary-expr","locations":[{"start":{"line":58,"column":19},"end":{"line":58,"column":24}},{"start":{"line":58,"column":28},"end":{"line":58,"column":30}}],"line":58},"4":{"loc":{"start":{"line":59,"column":19},"end":{"line":59,"column":36}},"type":"binary-expr","locations":[{"start":{"line":59,"column":19},"end":{"line":59,"column":30}},{"start":{"line":59,"column":34},"end":{"line":59,"column":36}}],"line":59},"5":{"loc":{"start":{"line":66,"column":70},"end":{"line":66,"column":85}},"type":"binary-expr","locations":[{"start":{"line":66,"column":70},"end":{"line":66,"column":80}},{"start":{"line":66,"column":84},"end":{"line":66,"column":85}}],"line":66},"6":{"loc":{"start":{"line":95,"column":8},"end":{"line":97,"column":9}},"type":"if","locations":[{"start":{"line":95,"column":8},"end":{"line":97,"column":9}},{"start":{},"end":{}}],"line":95},"7":{"loc":{"start":{"line":128,"column":8},"end":{"line":130,"column":9}},"type":"if","locations":[{"start":{"line":128,"column":8},"end":{"line":130,"column":9}},{"start":{},"end":{}}],"line":128},"8":{"loc":{"start":{"line":153,"column":8},"end":{"line":155,"column":9}},"type":"if","locations":[{"start":{"line":153,"column":8},"end":{"line":155,"column":9}},{"start":{},"end":{}}],"line":153},"9":{"loc":{"start":{"line":168,"column":12},"end":{"line":170,"column":13}},"type":"if","locations":[{"start":{"line":168,"column":12},"end":{"line":170,"column":13}},{"start":{},"end":{}}],"line":168},"10":{"loc":{"start":{"line":174,"column":16},"end":{"line":176,"column":17}},"type":"if","locations":[{"start":{"line":174,"column":16},"end":{"line":176,"column":17}},{"start":{},"end":{}}],"line":174},"11":{"loc":{"start":{"line":199,"column":8},"end":{"line":201,"column":9}},"type":"if","locations":[{"start":{"line":199,"column":8},"end":{"line":201,"column":9}},{"start":{},"end":{}}],"line":199},"12":{"loc":{"start":{"line":242,"column":8},"end":{"line":244,"column":9}},"type":"if","locations":[{"start":{"line":242,"column":8},"end":{"line":244,"column":9}},{"start":{},"end":{}}],"line":242},"13":{"loc":{"start":{"line":276,"column":99},"end":{"line":276,"column":137}},"type":"binary-expr","locations":[{"start":{"line":276,"column":99},"end":{"line":276,"column":121}},{"start":{"line":276,"column":125},"end":{"line":276,"column":137}}],"line":276},"14":{"loc":{"start":{"line":314,"column":8},"end":{"line":316,"column":9}},"type":"if","locations":[{"start":{"line":314,"column":8},"end":{"line":316,"column":9}},{"start":{},"end":{}}],"line":314},"15":{"loc":{"start":{"line":342,"column":8},"end":{"line":344,"column":9}},"type":"if","locations":[{"start":{"line":342,"column":8},"end":{"line":344,"column":9}},{"start":{},"end":{}}],"line":342}},"s":{"0":5,"1":5,"2":5,"3":5,"4":5,"5":0,"6":0,"7":0,"8":0,"9":0,"10":0,"11":5,"12":0,"13":0,"14":0,"15":0,"16":0,"17":5,"18":0,"19":0,"20":0,"21":0,"22":0,"23":0,"24":0,"25":0,"26":0,"27":0,"28":0,"29":0,"30":0,"31":0,"32":0,"33":0,"34":0,"35":0,"36":5,"37":0,"38":0,"39":0,"40":0,"41":0,"42":0,"43":0,"44":0,"45":5,"46":3,"47":3,"48":3,"49":3,"50":3,"51":1,"52":2,"53":0,"54":0,"55":5,"56":0,"57":0,"58":0,"59":0,"60":0,"61":0,"62":0,"63":0,"64":0,"65":0,"66":0,"67":0,"68":0,"69":0,"70":0,"71":0,"72":0,"73":0,"74":5,"75":0,"76":0,"77":0,"78":0,"79":0,"80":0,"81":0,"82":0,"83":0,"84":0,"85":0,"86":0,"87":5,"88":2,"89":2,"90":2,"91":2,"92":2,"93":1,"94":1,"95":1,"96":1,"97":1,"98":1,"99":1,"100":1,"101":1,"102":0,"103":1,"104":0,"105":0,"106":5,"107":0,"108":0,"109":0,"110":0,"111":0,"112":0,"113":0,"114":0,"115":0,"116":5,"117":6,"118":6,"119":6,"120":6,"121":1,"122":5,"123":5,"124":5,"125":5,"126":4,"127":4,"128":1,"129":1,"130":5},"f":{"0":0,"1":0,"2":0,"3":0,"4":3,"5":0,"6":0,"7":0,"8":0,"9":2,"10":0,"11":6},"b":{"0":[0,0],"1":[0,0],"2":[0,0],"3":[0,0],"4":[0,0],"5":[0,0],"6":[0,0],"7":[1,2],"8":[0,0],"9":[0,0],"10":[0,0],"11":[0,0],"12":[1,1],"13":[1,1],"14":[0,0],"15":[1,5]},"_coverageSchema":"1a1c01bbd47fc00a2c39e90264f33305004495a9","hash":"a9fd45df0103af27c6f37e3b4c682bc8d22c9055"}
,"/Users/cex/Desktop/Crm App Tpv/backend/controllers/proposalTemplatesController.js": {"path":"/Users/cex/Desktop/Crm App Tpv/backend/controllers/proposalTemplatesController.js","statementMap":{"0":{"start":{"line":1,"column":11},"end":{"line":1,"column":40}},"1":{"start":{"line":4,"column":21},"end":{"line":12,"column":1}},"2":{"start":{"line":5,"column":4},"end":{"line":11,"column":5}},"3":{"start":{"line":6,"column":23},"end":{"line":6,"column":98}},"4":{"start":{"line":7,"column":8},"end":{"line":7,"column":30}},"5":{"start":{"line":9,"column":8},"end":{"line":9,"column":57}},"6":{"start":{"line":10,"column":8},"end":{"line":10,"column":62}},"7":{"start":{"line":15,"column":24},"end":{"line":29,"column":1}},"8":{"start":{"line":16,"column":4},"end":{"line":28,"column":5}},"9":{"start":{"line":17,"column":23},"end":{"line":17,"column":33}},"10":{"start":{"line":18,"column":23},"end":{"line":18,"column":93}},"11":{"start":{"line":20,"column":8},"end":{"line":22,"column":9}},"12":{"start":{"line":21,"column":12},"end":{"line":21,"column":78}},"13":{"start":{"line":24,"column":8},"end":{"line":24,"column":33}},"14":{"start":{"line":26,"column":8},"end":{"line":26,"column":56}},"15":{"start":{"line":27,"column":8},"end":{"line":27,"column":62}},"16":{"start":{"line":32,"column":23},"end":{"line":55,"column":1}},"17":{"start":{"line":33,"column":4},"end":{"line":54,"column":5}},"18":{"start":{"line":34,"column":64},"end":{"line":34,"column":72}},"19":{"start":{"line":36,"column":8},"end":{"line":38,"column":9}},"20":{"start":{"line":37,"column":12},"end":{"line":37,"column":88}},"21":{"start":{"line":41,"column":8},"end":{"line":43,"column":9}},"22":{"start":{"line":42,"column":12},"end":{"line":42,"column":79}},"23":{"start":{"line":45,"column":23},"end":{"line":48,"column":9}},"24":{"start":{"line":50,"column":8},"end":{"line":50,"column":45}},"25":{"start":{"line":52,"column":8},"end":{"line":52,"column":57}},"26":{"start":{"line":53,"column":8},"end":{"line":53,"column":62}},"27":{"start":{"line":58,"column":23},"end":{"line":89,"column":1}},"28":{"start":{"line":59,"column":4},"end":{"line":88,"column":5}},"29":{"start":{"line":60,"column":23},"end":{"line":60,"column":33}},"30":{"start":{"line":61,"column":64},"end":{"line":61,"column":72}},"31":{"start":{"line":64,"column":8},"end":{"line":66,"column":9}},"32":{"start":{"line":65,"column":12},"end":{"line":65,"column":100}},"33":{"start":{"line":68,"column":23},"end":{"line":78,"column":9}},"34":{"start":{"line":80,"column":8},"end":{"line":82,"column":9}},"35":{"start":{"line":81,"column":12},"end":{"line":81,"column":78}},"36":{"start":{"line":84,"column":8},"end":{"line":84,"column":33}},"37":{"start":{"line":86,"column":8},"end":{"line":86,"column":57}},"38":{"start":{"line":87,"column":8},"end":{"line":87,"column":62}},"39":{"start":{"line":92,"column":23},"end":{"line":106,"column":1}},"40":{"start":{"line":93,"column":4},"end":{"line":105,"column":5}},"41":{"start":{"line":94,"column":23},"end":{"line":94,"column":33}},"42":{"start":{"line":95,"column":23},"end":{"line":95,"column":103}},"43":{"start":{"line":97,"column":8},"end":{"line":99,"column":9}},"44":{"start":{"line":98,"column":12},"end":{"line":98,"column":78}},"45":{"start":{"line":101,"column":8},"end":{"line":101,"column":53}},"46":{"start":{"line":103,"column":8},"end":{"line":103,"column":57}},"47":{"start":{"line":104,"column":8},"end":{"line":104,"column":62}},"48":{"start":{"line":108,"column":0},"end":{"line":114,"column":2}}},"fnMap":{"0":{"name":"(anonymous_0)","decl":{"start":{"line":4,"column":21},"end":{"line":4,"column":22}},"loc":{"start":{"line":4,"column":41},"end":{"line":12,"column":1}},"line":4},"1":{"name":"(anonymous_1)","decl":{"start":{"line":15,"column":24},"end":{"line":15,"column":25}},"loc":{"start":{"line":15,"column":44},"end":{"line":29,"column":1}},"line":15},"2":{"name":"(anonymous_2)","decl":{"start":{"line":32,"column":23},"end":{"line":32,"column":24}},"loc":{"start":{"line":32,"column":43},"end":{"line":55,"column":1}},"line":32},"3":{"name":"(anonymous_3)","decl":{"start":{"line":58,"column":23},"end":{"line":58,"column":24}},"loc":{"start":{"line":58,"column":43},"end":{"line":89,"column":1}},"line":58},"4":{"name":"(anonymous_4)","decl":{"start":{"line":92,"column":23},"end":{"line":92,"column":24}},"loc":{"start":{"line":92,"column":43},"end":{"line":106,"column":1}},"line":92}},"branchMap":{"0":{"loc":{"start":{"line":20,"column":8},"end":{"line":22,"column":9}},"type":"if","locations":[{"start":{"line":20,"column":8},"end":{"line":22,"column":9}},{"start":{},"end":{}}],"line":20},"1":{"loc":{"start":{"line":36,"column":8},"end":{"line":38,"column":9}},"type":"if","locations":[{"start":{"line":36,"column":8},"end":{"line":38,"column":9}},{"start":{},"end":{}}],"line":36},"2":{"loc":{"start":{"line":36,"column":12},"end":{"line":36,"column":34}},"type":"binary-expr","locations":[{"start":{"line":36,"column":12},"end":{"line":36,"column":17}},{"start":{"line":36,"column":21},"end":{"line":36,"column":34}}],"line":36},"3":{"loc":{"start":{"line":41,"column":8},"end":{"line":43,"column":9}},"type":"if","locations":[{"start":{"line":41,"column":8},"end":{"line":43,"column":9}},{"start":{},"end":{}}],"line":41},"4":{"loc":{"start":{"line":47,"column":46},"end":{"line":47,"column":65}},"type":"binary-expr","locations":[{"start":{"line":47,"column":46},"end":{"line":47,"column":56}},{"start":{"line":47,"column":60},"end":{"line":47,"column":65}}],"line":47},"5":{"loc":{"start":{"line":64,"column":8},"end":{"line":66,"column":9}},"type":"if","locations":[{"start":{"line":64,"column":8},"end":{"line":66,"column":9}},{"start":{},"end":{}}],"line":64},"6":{"loc":{"start":{"line":80,"column":8},"end":{"line":82,"column":9}},"type":"if","locations":[{"start":{"line":80,"column":8},"end":{"line":82,"column":9}},{"start":{},"end":{}}],"line":80},"7":{"loc":{"start":{"line":97,"column":8},"end":{"line":99,"column":9}},"type":"if","locations":[{"start":{"line":97,"column":8},"end":{"line":99,"column":9}},{"start":{},"end":{}}],"line":97}},"s":{"0":4,"1":4,"2":0,"3":0,"4":0,"5":0,"6":0,"7":4,"8":0,"9":0,"10":0,"11":0,"12":0,"13":0,"14":0,"15":0,"16":4,"17":0,"18":0,"19":0,"20":0,"21":0,"22":0,"23":0,"24":0,"25":0,"26":0,"27":4,"28":0,"29":0,"30":0,"31":0,"32":0,"33":0,"34":0,"35":0,"36":0,"37":0,"38":0,"39":4,"40":0,"41":0,"42":0,"43":0,"44":0,"45":0,"46":0,"47":0,"48":4},"f":{"0":0,"1":0,"2":0,"3":0,"4":0},"b":{"0":[0,0],"1":[0,0],"2":[0,0],"3":[0,0],"4":[0,0],"5":[0,0],"6":[0,0],"7":[0,0]},"_coverageSchema":"1a1c01bbd47fc00a2c39e90264f33305004495a9","hash":"6e90b94215278ccc4426e4569c9210acda972400"}
[...]
"column":12},"end":{"line":48,"column":45}},"22":{"start":{"line":51,"column":8},"end":{"line":51,"column":29}},"23":{"start":{"line":53,"column":8},"end":{"line":53,"column":73}},"24":{"start":{"line":54,"column":8},"end":{"line":54,"column":20}},"25":{"start":{"line":59,"column":22},"end":{"line":70,"column":1}},"26":{"start":{"line":60,"column":18},"end":{"line":60,"column":47}},"27":{"start":{"line":61,"column":20},"end":{"line":61,"column":76}},"28":{"start":{"line":62,"column":17},"end":{"line":62,"column":49}},"29":{"start":{"line":64,"column":4},"end":{"line":69,"column":6}},"30":{"start":{"line":72,"column":29},"end":{"line":83,"column":1}},"31":{"start":{"line":73,"column":18},"end":{"line":73,"column":39}},"32":{"start":{"line":74,"column":20},"end":{"line":74,"column":76}},"33":{"start":{"line":75,"column":17},"end":{"line":75,"column":49}},"34":{"start":{"line":77,"column":4},"end":{"line":82,"column":6}},"35":{"start":{"line":85,"column":31},"end":{"line":96,"column":1}},"36":{"start":{"line":86,"column":18},"end":{"line":86,"column":40}},"37":{"start":{"line":87,"column":20},"end":{"line":87,"column":79}},"38":{"start":{"line":88,"column":17},"end":{"line":88,"column":49}},"39":{"start":{"line":90,"column":4},"end":{"line":95,"column":6}},"40":{"start":{"line":98,"column":25},"end":{"line":109,"column":1}},"41":{"start":{"line":99,"column":18},"end":{"line":99,"column":39}},"42":{"start":{"line":100,"column":20},"end":{"line":100,"column":79}},"43":{"start":{"line":101,"column":17},"end":{"line":101,"column":49}},"44":{"start":{"line":103,"column":4},"end":{"line":108,"column":6}},"45":{"start":{"line":111,"column":29},"end":{"line":122,"column":1}},"46":{"start":{"line":112,"column":18},"end":{"line":112,"column":44}},"47":{"start":{"line":113,"column":24},"end":{"line":113,"column":88}},"48":{"start":{"line":114,"column":17},"end":{"line":114,"column":63}},"49":{"start":{"line":116,"column":4},"end":{"line":121,"column":6}},"50":{"start":{"line":124,"column":0},"end":{"line":133,"column":2}}},"fnMap":{"0":{"name":"(anonymous_0)","decl":{"start":{"line":14,"column":27},"end":{"line":14,"column":28}},"loc":{"start":{"line":14,"column":80},"end":{"line":36,"column":1}},"line":14},"1":{"name":"(anonymous_1)","decl":{"start":{"line":39,"column":39},"end":{"line":39,"column":40}},"loc":{"start":{"line":39,"column":84},"end":{"line":56,"column":1}},"line":39},"2":{"name":"(anonymous_2)","decl":{"start":{"line":43,"column":47},"end":{"line":43,"column":48}},"loc":{"start":{"line":43,"column":54},"end":{"line":43,"column":60}},"line":43},"3":{"name":"(anonymous_3)","decl":{"start":{"line":59,"column":22},"end":{"line":59,"column":23}},"loc":{"start":{"line":59,"column":38},"end":{"line":70,"column":1}},"line":59},"4":{"name":"(anonymous_4)","decl":{"start":{"line":72,"column":29},"end":{"line":72,"column":30}},"loc":{"start":{"line":72,"column":55},"end":{"line":83,"column":1}},"line":72},"5":{"name":"(anonymous_5)","decl":{"start":{"line":85,"column":31},"end":{"line":85,"column":32}},"loc":{"start":{"line":85,"column":57},"end":{"line":96,"column":1}},"line":85},"6":{"name":"(anonymous_6)","decl":{"start":{"line":98,"column":25},"end":{"line":98,"column":26}},"loc":{"start":{"line":98,"column":60},"end":{"line":109,"column":1}},"line":98},"7":{"name":"(anonymous_7)","decl":{"start":{"line":111,"column":29},"end":{"line":111,"column":30}},"loc":{"start":{"line":111,"column":59},"end":{"line":122,"column":1}},"line":111}},"branchMap":{"0":{"loc":{"start":{"line":14,"column":64},"end":{"line":14,"column":75}},"type":"default-arg","locations":[{"start":{"line":14,"column":71},"end":{"line":14,"column":75}}],"line":14},"1":{"loc":{"start":{"line":27,"column":8},"end":{"line":29,"column":9}},"type":"if","locations":[{"start":{"line":27,"column":8},"end":{"line":29,"column":9}},{"start":{},"end":{}}],"line":27},"2":{"loc":{"start":{"line":39,"column":68},"end":{"line":39,"column":79}},"type":"default-arg","locations":[{"start":{"line":39,"column":75},"end":{"line":39,"column":79}}],"line":39},"3":{"loc":{"start":{"line":61,"column":23},"end":{"line":61,"column":58}},"type":"binary-expr","locations":[{"start":{"line":61,"column":23},"end":{"line":61,"column":41}},{"start":{"line":61,"column":45},"end":{"line":61,"column":58}}],"line":61},"4":{"loc":{"start":{"line":113,"column":24},"end":{"line":113,"column":88}},"type":"cond-expr","locations":[{"start":{"line":113,"column":46},"end":{"line":113,"column":78}},{"start":{"line":113,"column":81},"end":{"line":113,"column":88}}],"line":113}},"s":{"0":4,"1":4,"2":4,"3":4,"4":1,"5":1,"6":1,"7":1,"8":1,"9":1,"10":1,"11":0,"12":0,"13":4,"14":1,"15":1,"16":1,"17":1,"18":1,"19":1,"20":1,"21":1,"22":1,"23":0,"24":0,"25":4,"26":1,"27":1,"28":1,"29":1,"30":4,"31":0,"32":0,"33":0,"34":0,"35":4,"36":0,"37":0,"38":0,"39":0,"40":4,"41":0,"42":0,"43":0,"44":0,"45":4,"46":0,"47":0,"48":0,"49":0,"50":4},"f":{"0":1,"1":1,"2":1,"3":1,"4":0,"5":0,"6":0,"7":0},"b":{"0":[0],"1":[1,0],"2":[0],"3":[1,0],"4":[0,0]},"_coverageSchema":"1a1c01bbd47fc00a2c39e90264f33305004495a9","hash":"f8a5c9a5d8fa8af71c1fff550e30ef262c3235bc"}
,"/Users/cex/Desktop/Crm App Tpv/backend/services/pdfService.js": {"path":"/Users/cex/Desktop/Crm App Tpv/backend/services/pdfService.js","statementMap":{"0":{"start":{"line":1,"column":20},"end":{"line":1,"column":37}},"1":{"start":{"line":2,"column":11},"end":{"line":2,"column":24}},"2":{"start":{"line":3,"column":13},"end":{"line":3,"column":28}},"3":{"start":{"line":5,"column":28},"end":{"line":136,"column":1}},"4":{"start":{"line":6,"column":4},"end":{"line":135,"column":7}},"5":{"start":{"line":7,"column":8},"end":{"line":134,"column":9}},"6":{"start":{"line":8,"column":24},"end":{"line":8,"column":55}},"7":{"start":{"line":9,"column":29},"end":{"line":9,"column":73}},"8":{"start":{"line":10,"column":29},"end":{"line":10,"column":70}},"9":{"start":{"line":13,"column":28},"end":{"line":13,"column":59}},"10":{"start":{"line":14,"column":12},"end":{"line":16,"column":13}},"11":{"start":{"line":15,"column":16},"end":{"line":15,"column":59}},"12":{"start":{"line":18,"column":27},"end":{"line":18,"column":57}},"13":{"start":{"line":19,"column":12},"end":{"line":19,"column":29}},"14":{"start":{"line":22,"column":12},"end":{"line":22,"column":64}},"15":{"start":{"line":25,"column":12},"end":{"line":28,"column":45}},"16":{"start":{"line":30,"column":12},"end":{"line":32,"column":78}},"17":{"start":{"line":35,"column":12},"end":{"line":39,"column":66}},"18":{"start":{"line":41,"column":12},"end":{"line":41,"column":28}},"19":{"start":{"line":44,"column":12},"end":{"line":45,"column":53}},"20":{"start":{"line":47,"column":31},"end":{"line":47,"column":41}},"21":{"start":{"line":48,"column":12},"end":{"line":51,"column":50}},"22":{"start":{"line":53,"column":12},"end":{"line":57,"column":64}},"23":{"start":{"line":59,"column":12},"end":{"line":59,"column":28}},"24":{"start":{"line":62,"column":12},"end":{"line":65,"column":57}},"25":{"start":{"line":67,"column":12},"end":{"line":74,"column":19}},"26":{"start":{"line":76,"column":12},"end":{"line":76,"column":28}},"27":{"start":{"line":79,"column":12},"end":{"line":80,"column":53}},"28":{"start":{"line":82,"column":27},"end":{"line":82,"column":37}},"29":{"start":{"line":83,"column":12},"end":{"line":86,"column":53}},"30":{"start":{"line":88,"column":12},"end":{"line":97,"column":18}},"31":{"start":{"line":99,"column":12},"end":{"line":99,"column":28}},"32":{"start":{"line":102,"column":12},"end":{"line":105,"column":59}},"33":{"start":{"line":107,"column":12},"end":{"line":111,"column":90}},"34":{"start":{"line":114,"column":28},"end":{"line":114,"column":49}},"35":{"start":{"line":115,"column":12},"end":{"line":122,"column":18}},"36":{"start":{"line":124,"column":12},"end":{"line":124,"column":22}},"37":{"start":{"line":126,"column":12},"end":{"line":128,"column":15}},"38":{"start":{"line":127,"column":16},"end":{"line":127,"column":48}},"39":{"start":{"line":130,"column":12},"end":{"line":130,"column":39}},"40":{"start":{"line":133,"column":12},"end":{"line":133,"column":26}},"41":{"start":{"line":138,"column":0},"end":{"line":138,"column":41}}},"fnMap":{"0":{"name":"(anonymous_0)","decl":{"start":{"line":5,"column":28},"end":{"line":5,"column":29}},"loc":{"start":{"line":5,"column":54},"end":{"line":136,"column":1}},"line":5},"1":{"name":"(anonymous_1)","decl":{"start":{"line":6,"column":23},"end":{"line":6,"column":24}},"loc":{"start":{"line":6,"column":44},"end":{"line":135,"column":5}},"line":6},"2":{"name":"(anonymous_2)","decl":{"start":{"line":126,"column":32},"end":{"line":126,"column":33}},"loc":{"start":{"line":126,"column":38},"end":{"line":128,"column":13}},"line":126}},"branchMap":{"0":{"loc":{"start":{"line":14,"column":12},"end":{"line":16,"column":13}},"type":"if","locations":[{"start":{"line":14,"column":12},"end":{"line":16,"column":13}},{"start":{},"end":{}}],"line":14},"1":{"loc":{"start":{"line":55,"column":22},"end":{"line":55,"column":49}},"type":"binary-expr","locations":[{"start":{"line":55,"column":22},"end":{"line":55,"column":40}},{"start":{"line":55,"column":44},"end":{"line":55,"column":49}}],"line":55},"2":{"loc":{"start":{"line":57,"column":22},"end":{"line":57,"column":41}},"type":"binary-expr","locations":[{"start":{"line":57,"column":22},"end":{"line":57,"column":32}},{"start":{"line":57,"column":36},"end":{"line":57,"column":41}}],"line":57},"3":{"loc":{"start":{"line":71,"column":22},"end":{"line":71,"column":88}},"type":"binary-expr","locations":[{"start":{"line":71,"column":22},"end":{"line":71,"column":42}},{"start":{"line":71,"column":46},"end":{"line":71,"column":88}}],"line":71}},"s":{"0":0,"1":0,"2":0,"3":0,"4":0,"5":0,"6":0,"7":0,"8":0,"9":0,"10":0,"11":0,"12":0,"13":0,"14":0,"15":0,"16":0,"17":0,"18":0,"19":0,"20":0,"21":0,"22":0,"23":0,"24":0,"25":0,"26":0,"27":0,"28":0,"29":0,"30":0,"31":0,"32":0,"33":0,"34":0,"35":0,"36":0,"37":0,"38":0,"39":0,"40":0,"41":0},"f":{"0":0,"1":0,"2":0},"b":{"0":[0,0],"1":[0,0],"2":[0,0],"3":[0,0]}}
,"/Users/cex/Desktop/Crm App Tpv/backend/services/proposalEmailService.js": {"path":"/Users/cex/Desktop/Crm App Tpv/backend/services/proposalEmailService.js","statementMap":{"0":{"start":{"line":1,"column":19},"end":{"line":1,"column":40}},"1":{"start":{"line":4,"column":20},"end":{"line":12,"column":2}},"2":{"start":{"line":17,"column":26},"end":{"line":202,"column":1}},"3":{"start":{"line":18,"column":24},"end":{"line":18,"column":107}},"4":{"start":{"line":20,"column":24},"end":{"line":170,"column":5}},"5":{"start":{"line":172,"column":24},"end":{"line":192,"column":5}},"6":{"start":{"line":194,"column":4},"end":{"line":201,"column":5}},"7":{"start":{"line":195,"column":21},"end":{"line":195,"column":60}},"8":{"start":{"line":196,"column":8},"end":{"line":196,"column":60}},"9":{"start":{"line":197,"column":8},"end":{"line":197,"column":60}},"10":{"start":{"line":199,"column":8},"end":{"line":199,"column":62}},"11":{"start":{"line":200,"column":8},"end":{"line":200,"column":20}},"12":{"start":{"line":207,"column":34},"end":{"line":258,"column":1}},"13":{"start":{"line":208,"column":24},"end":{"line":244,"column":5}},"14":{"start":{"line":246,"column":24},"end":{"line":251,"column":5}},"15":{"start":{"line":253,"column":4},"end":{"line":257,"column":5}},"16":{"start":{"line":254,"column":8},"end":{"line":254,"column":48}},"17":{"start":{"line":256,"column":8},"end":{"line":256,"column":64}},"18":{"start":{"line":263,"column":36},"end":{"line":306,"column":1}},"19":{"start":{"line":264,"column":23},"end":{"line":264,"column":69}},"20":{"start":{"line":266,"column":24},"end":{"line":292,"column":5}},"21":{"start":{"line":294,"column":24},"end":{"line":299,"column":5}},"22":{"start":{"line":301,"column":4},"end":{"line":305,"column":5}},"23":{"start":{"line":302,"column":8},"end":{"line":302,"column":48}},"24":{"start":{"line":304,"column":8},"end":{"line":304,"column":66}},"25":{"start":{"line":308,"column":0},"end":{"line":312,"column":2}}},"fnMap":{"0":{"name":"(anonymous_0)","decl":{"start":{"line":17,"column":26},"end":{"line":17,"column":27}},"loc":{"start":{"line":17,"column":52},"end":{"line":202,"column":1}},"line":17},"1":{"name":"(anonymous_1)","decl":{"start":{"line":207,"column":34},"end":{"line":207,"column":35}},"loc":{"start":{"line":207,"column":60},"end":{"line":258,"column":1}},"line":207},"2":{"name":"(anonymous_2)","decl":{"start":{"line":263,"column":36},"end":{"line":263,"column":37}},"loc":{"start":{"line":263,"column":62},"end":{"line":306,"column":1}},"line":263}},"branchMap":{"0":{"loc":{"start":{"line":5,"column":10},"end":{"line":5,"column":51}},"type":"binary-expr","locations":[{"start":{"line":5,"column":10},"end":{"line":5,"column":31}},{"start":{"line":5,"column":35},"end":{"line":5,"column":51}}],"line":5},"1":{"loc":{"start":{"line":6,"column":10},"end":{"line":6,"column":38}},"type":"binary-expr","locations":[{"start":{"line":6,"column":10},"end":{"line":6,"column":31}},{"start":{"line":6,"column":35},"end":{"line":6,"column":38}}],"line":6},"2":{"loc":{"start":{"line":18,"column":27},"end":{"line":18,"column":78}},"type":"binary-expr","locations":[{"start":{"line":18,"column":27},"end":{"line":18,"column":51}},{"start":{"line":18,"column":55},"end":{"line":18,"column":78}}],"line":18},"3":{"loc":{"start":{"line":125,"column":83},"end":{"line":125,"column":117}},"type":"binary-expr","locations":[{"start":{"line":125,"column":83},"end":{"line":125,"column":101}},{"start":{"line":125,"column":105},"end":{"line":125,"column":117}}],"line":125},"4":{"loc":{"start":{"line":129,"column":58},"end":{"line":129,"column":104}},"type":"cond-expr","locations":[{"start":{"line":129,"column":94},"end":{"line":129,"column":99}},{"start":{"line":129,"column":102},"end":{"line":129,"column":104}}],"line":129},"5":{"loc":{"start":{"line":264,"column":23},"end":{"line":264,"column":69}},"type":"binary-expr","locations":[{"start":{"line":264,"column":23},"end":{"line":264,"column":46}},{"start":{"line":264,"column":50},"end":{"line":264,"column":69}}],"line":264},"6":{"loc":{"start":{"line":281,"column":39},"end":{"line":281,"column":66}},"type":"binary-expr","locations":[{"start":{"line":281,"column":39},"end":{"line":281,"column":57}},{"start":{"line":281,"column":61},"end":{"line":281,"column":66}}],"line":281},"7":{"loc":{"start":{"line":285,"column":23},"end":{"line":285,"column":74}},"type":"binary-expr","locations":[{"start":{"line":285,"column":23},"end":{"line":285,"column":47}},{"start":{"line":285,"column":51},"end":{"line":285,"column":74}}],"line":285}},"s":{"0":15,"1":15,"2":15,"3":6,"4":6,"5":6,"6":6,"7":6,"8":5,"9":5,"10":1,"11":1,"12":15,"13":2,"14":2,"15":2,"16":2,"17":0,"18":15,"19":2,"20":2,"21":2,"22":2,"23":2,"24":0,"25":15},"f":{"0":6,"1":2,"2":2},"b":{"0":[15,0],"1":[15,12],"2":[6,0],"3":[6,0],"4":[0,6],"5":[2,0],"6":[2,0],"7":[2,0]},"_coverageSchema":"1a1c01bbd47fc00a2c39e90264f33305004495a9","hash":"0df54961445bd39a0d98171b2f045862f413381c"}
,"/Users/cex/Desktop/Crm App Tpv/backend/services/pusherService.js": {"path":"/Users/cex/Desktop/Crm App Tpv/backend/services/pusherService.js","statementMap":{"0":{"start":{"line":1,"column":15},"end":{"line":1,"column":32}},"1":{"start":{"line":2,"column":11},"end":{"line":2,"column":40}},"2":{"start":{"line":3,"column":15},"end":{"line":3,"column":42}},"3":{"start":{"line":5,"column":21},"end":{"line":5,"column":25}},"4":{"start":{"line":6,"column":22},"end":{"line":6,"column":23}},"5":{"start":{"line":7,"column":25},"end":{"line":7,"column":30}},"6":{"start":{"line":9,"column":26},"end":{"line":54,"column":1}},"7":{"start":{"line":10,"column":16},"end":{"line":10,"column":26}},"8":{"start":{"line":13,"column":4},"end":{"line":15,"column":5}},"9":{"start":{"line":14,"column":8},"end":{"line":14,"column":30}},"10":{"start":{"line":17,"column":4},"end":{"line":53,"column":5}},"11":{"start":{"line":19,"column":23},"end":{"line":19,"column":147}},"12":{"start":{"line":21,"column":8},"end":{"line":35,"column":9}},"13":{"start":{"line":22,"column":29},"end":{"line":22,"column":43}},"14":{"start":{"line":24,"column":12},"end":{"line":34,"column":13}},"15":{"start":{"line":25,"column":16},"end":{"line":31,"column":19}},"16":{"start":{"line":32,"column":16},"end":{"line":32,"column":38}},"17":{"start":{"line":33,"column":16},"end":{"line":33,"column":38}},"18":{"start":{"line":38,"column":8},"end":{"line":47,"column":9}},"19":{"start":{"line":39,"column":12},"end":{"line":45,"column":15}},"20":{"start":{"line":46,"column":12},"end":{"line":46,"column":34}},"21":{"start":{"line":49,"column":8},"end":{"line":49,"column":20}},"22":{"start":{"line":51,"column":8},"end":{"line":51,"column":58}},"23":{"start":{"line":52,"column":8},"end":{"line":52,"column":20}},"24":{"start":{"line":56,"column":16},"end":{"line":70,"column":1}},"25":{"start":{"line":57,"column":4},"end":{"line":69,"column":5}},"26":{"start":{"line":58,"column":23},"end":{"line":58,"column":48}},"27":{"start":{"line":60,"column":8},"end":{"line":63,"column":9}},"28":{"start":{"line":61,"column":12},"end":{"line":61,"column":73}},"29":{"start":{"line":62,"column":12},"end":{"line":62,"column":19}},"30":{"start":{"line":65,"column":8},"end":{"line":65,"column":51}},"31":{"start":{"line":66,"column":8},"end":{"line":66,"column":70}},"32":{"start":{"line":68,"column":8},"end":{"line":68,"column":62}},"33":{"start":{"line":72,"column":0},"end":{"line":74,"column":2}}},"fnMap":{"0":{"name":"(anonymous_0)","decl":{"start":{"line":9,"column":26},"end":{"line":9,"column":27}},"loc":{"start":{"line":9,"column":38},"end":{"line":54,"column":1}},"line":9},"1":{"name":"(anonymous_1)","decl":{"start":{"line":56,"column":16},"end":{"line":56,"column":17}},"loc":{"start":{"line":56,"column":48},"end":{"line":70,"column":1}},"line":56}},"branchMap":{"0":{"loc":{"start":{"line":13,"column":4},"end":{"line":15,"column":5}},"type":"if","locations":[{"start":{"line":13,"column":4},"end":{"line":15,"column":5}},{"start":{},"end":{}}],"line":13},"1":{"loc":{"start":{"line":13,"column":8},"end":{"line":13,"column":68}},"type":"binary-expr","locations":[{"start":{"line":13,"column":8},"end":{"line":13,"column":22}},{"start":{"line":13,"column":27},"end":{"line":13,"column":67}}],"line":13},"2":{"loc":{"start":{"line":21,"column":8},"end":{"line":35,"column":9}},"type":"if","locations":[{"start":{"line":21,"column":8},"end":{"line":35,"column":9}},{"start":{},"end":{}}],"line":21},"3":{"loc":{"start":{"line":24,"column":12},"end":{"line":34,"column":13}},"type":"if","locations":[{"start":{"line":24,"column":12},"end":{"line":34,"column":13}},{"start":{},"end":{}}],"line":24},"4":{"loc":{"start":{"line":24,"column":16},"end":{"line":24,"column":87}},"type":"binary-expr","locations":[{"start":{"line":24,"column":16},"end":{"line":24,"column":38}},{"start":{"line":24,"column":42},"end":{"line":24,"column":61}},{"start":{"line":24,"column":65},"end":{"line":24,"column":87}}],"line":24},"5":{"loc":{"start":{"line":29,"column":29},"end":{"line":29,"column":60}},"type":"binary-expr","locations":[{"start":{"line":29,"column":29},"end":{"line":29,"column":52}},{"start":{"line":29,"column":56},"end":{"line":29,"column":60}}],"line":29},"6":{"loc":{"start":{"line":38,"column":8},"end":{"line":47,"column":9}},"type":"if","locations":[{"start":{"line":38,"column":8},"end":{"line":47,"column":9}},{"start":{},"end":{}}],"line":38},"7":{"loc":{"start":{"line":60,"column":8},"end":{"line":63,"column":9}},"type":"if","locations":[{"start":{"line":60,"column":8},"end":{"line":63,"column":9}},{"start":{},"end":{}}],"line":60}},"s":{"0":0,"1":0,"2":0,"3":0,"4":0,"5":0,"6":0,"7":0,"8":0,"9":0,"10":0,"11":0,"12":0,"13":0,"14":0,"15":0,"16":0,"17":0,"18":0,"19":0,"20":0,"21":0,"22":0,"23":0,"24":0,"25":0,"26":0,"27":0,"28":0,"29":0,"30":0,"31":0,"32":0,"33":0},"f":{"0":0,"1":0},"b":{"0":[0,0],"1":[0,0],"2":[0,0],"3":[0,0],"4":[0,0,0],"5":[0,0],"6":[0,0],"7":[0,0]}}
}
