TN:
SF:controllers/analyticsController.js
FN:4,(anonymous_0)
FN:24,(anonymous_1)
FN:81,(anonymous_2)
FNF:3
FNH:0
FNDA:0,(anonymous_0)
FNDA:0,(anonymous_1)
FNDA:0,(anonymous_2)
DA:1,4
DA:4,4
DA:5,0
DA:6,0
DA:7,0
DA:8,0
DA:10,0
DA:16,0
DA:18,0
DA:19,0
DA:24,4
DA:25,0
DA:26,0
DA:29,0
DA:37,0
DA:46,0
DA:58,0
DA:68,0
DA:75,0
DA:76,0
DA:81,4
DA:82,0
DA:83,0
DA:85,0
DA:101,0
DA:102,0
DA:104,0
DA:109,0
DA:110,0
DA:114,4
LF:30
LH:5
BRDA:8,0,0,0
BRDA:8,0,1,0
BRDA:26,1,0,0
BRDA:83,2,0,0
BRDA:102,3,0,0
BRDA:102,3,1,0
BRF:6
BRH:0
end_of_record
TN:
SF:controllers/authController.js
FN:5,(anonymous_0)
FNF:1
FNH:1
FNDA:10,(anonymous_0)
DA:1,5
DA:2,5
DA:3,5
DA:5,5
DA:6,10
DA:7,10
DA:9,10
DA:10,2
DA:13,8
DA:18,7
DA:19,1
DA:22,6
DA:23,6
DA:25,6
DA:26,1
DA:29,5
DA:35,5
DA:44,1
DA:45,1
DA:49,5
LF:20
LH:20
BRDA:9,0,0,2
BRDA:9,0,1,8
BRDA:9,1,0,10
BRDA:9,1,1,9
BRDA:18,2,0,1
BRDA:18,2,1,6
BRDA:25,3,0,1
BRDA:25,3,1,5
BRDA:31,4,0,5
BRDA:31,4,1,5
BRF:10
BRH:10
end_of_record
TN:
SF:controllers/calendarController.js
FN:4,(anonymous_0)
FN:26,(anonymous_1)
FN:43,(anonymous_2)
FN:66,(anonymous_3)
FN:97,(anonymous_4)
FNF:5
FNH:0
FNDA:0,(anonymous_0)
FNDA:0,(anonymous_1)
FNDA:0,(anonymous_2)
FNDA:0,(anonymous_3)
FNDA:0,(anonymous_4)
DA:1,4
DA:4,4
DA:5,0
DA:6,0
DA:7,0
DA:8,0
DA:10,0
DA:11,0
DA:12,0
DA:15,0
DA:17,0
DA:18,0
DA:20,0
DA:21,0
DA:26,4
DA:27,0
DA:28,0
DA:29,0
DA:31,0
DA:32,0
DA:35,0
DA:37,0
DA:38,0
DA:43,4
DA:44,0
DA:45,0
DA:47,0
DA:48,0
DA:51,0
DA:58,0
DA:60,0
DA:61,0
DA:66,4
DA:67,0
DA:68,0
DA:69,0
DA:71,0
DA:85,0
DA:86,0
DA:89,0
DA:91,0
DA:92,0
DA:97,4
DA:98,0
DA:99,0
DA:101,0
DA:103,0
DA:104,0
DA:107,0
DA:109,0
DA:110,0
DA:114,4
LF:52
LH:7
BRDA:10,0,0,0
BRDA:10,0,1,0
BRDA:10,1,0,0
BRDA:10,1,1,0
BRDA:31,2,0,0
BRDA:31,2,1,0
BRDA:47,3,0,0
BRDA:47,3,1,0
BRDA:47,4,0,0
BRDA:47,4,1,0
BRDA:47,4,2,0
BRDA:55,5,0,0
BRDA:55,5,1,0
BRDA:85,6,0,0
BRDA:85,6,1,0
BRDA:103,7,0,0
BRDA:103,7,1,0
BRF:17
BRH:0
end_of_record
TN:
SF:controllers/clientController.js
FN:4,(anonymous_0)
FN:15,(anonymous_1)
FN:35,(anonymous_2)
FN:54,(anonymous_3)
FN:93,(anonymous_4)
FNF:5
FNH:0
FNDA:0,(anonymous_0)
FNDA:0,(anonymous_1)
FNDA:0,(anonymous_2)
FNDA:0,(anonymous_3)
FNDA:0,(anonymous_4)
DA:1,0
DA:4,0
DA:5,0
DA:6,0
DA:7,0
DA:9,0
DA:10,0
DA:15,0
DA:16,0
DA:17,0
DA:18,0
DA:19,0
DA:22,0
DA:23,0
DA:25,0
DA:27,0
DA:29,0
DA:30,0
DA:35,0
DA:36,0
DA:37,0
DA:38,0
DA:44,0
DA:46,0
DA:48,0
DA:49,0
DA:54,0
DA:55,0
DA:56,0
DA:58,0
DA:59,0
DA:62,0
DA:63,0
DA:64,0
DA:66,0
DA:69,0
DA:73,0
DA:76,0
DA:79,0
DA:81,0
DA:82,0
DA:84,0
DA:85,0
DA:86,0
DA:88,0
DA:93,0
DA:94,0
DA:98,0
DA:100,0
DA:102,0
DA:104,0
DA:105,0
DA:112,0
DA:121,0
DA:123,0
DA:124,0
LF:56
LH:0
BRDA:18,0,0,0
BRDA:18,0,1,0
BRDA:25,1,0,0
BRDA:25,1,1,0
BRDA:63,2,0,0
BRDA:63,2,1,0
BRDA:86,3,0,0
BRDA:86,3,1,0
BRDA:104,4,0,0
BRDA:104,4,1,0
BRF:10
BRH:0
end_of_record
TN:
SF:controllers/clientsController.js
FN:4,(anonymous_0)
FN:16,(anonymous_1)
FN:32,(anonymous_2)
FN:50,(anonymous_3)
FN:74,(anonymous_4)
FN:90,(anonymous_5)
FNF:6
FNH:0
FNDA:0,(anonymous_0)
FNDA:0,(anonymous_1)
FNDA:0,(anonymous_2)
FNDA:0,(anonymous_3)
FNDA:0,(anonymous_4)
FNDA:0,(anonymous_5)
DA:1,4
DA:2,4
DA:4,4
DA:5,0
DA:6,0
DA:9,0
DA:11,0
DA:12,0
DA:16,4
DA:17,0
DA:18,0
DA:19,0
DA:21,0
DA:22,0
DA:25,0
DA:27,0
DA:28,0
DA:32,4
DA:33,0
DA:34,0
DA:36,0
DA:43,0
DA:45,0
DA:46,0
DA:50,4
DA:51,0
DA:52,0
DA:53,0
DA:55,0
DA:63,0
DA:64,0
DA:67,0
DA:69,0
DA:70,0
DA:74,4
DA:75,0
DA:76,0
DA:77,0
DA:79,0
DA:80,0
DA:83,0
DA:85,0
DA:86,0
DA:90,4
DA:91,0
DA:92,0
DA:95,0
DA:96,0
DA:97,0
DA:99,0
DA:102,0
DA:103,0
DA:104,0
DA:108,0
DA:116,0
DA:118,0
DA:120,0
DA:121,0
DA:125,4
LF:59
LH:9
BRDA:21,0,0,0
BRDA:21,0,1,0
BRDA:63,1,0,0
BRDA:63,1,1,0
BRDA:79,2,0,0
BRDA:79,2,1,0
BRDA:96,3,0,0
BRDA:96,3,1,0
BRDA:103,4,0,0
BRDA:103,4,1,0
BRF:10
BRH:0
end_of_record
TN:
SF:controllers/commentController.js
FN:4,(anonymous_0)
FN:19,(anonymous_1)
FNF:2
FNH:0
FNDA:0,(anonymous_0)
FNDA:0,(anonymous_1)
DA:1,5
DA:4,5
DA:5,0
DA:6,0
DA:7,0
DA:11,0
DA:13,0
DA:14,0
DA:19,5
DA:20,0
DA:21,0
DA:22,0
DA:24,0
DA:25,0
DA:28,0
DA:36,0
DA:37,0
DA:43,0
DA:45,0
DA:46,0
DA:50,5
LF:21
LH:4
BRDA:24,0,0,0
BRDA:24,0,1,0
BRDA:36,1,0,0
BRDA:36,1,1,0
BRF:4
BRH:0
end_of_record
TN:
SF:controllers/emailTemplatesController.js
FN:5,(anonymous_0)
FN:8,(anonymous_1)
FN:10,(anonymous_2)
FN:31,(anonymous_3)
FNF:4
FNH:4
FNDA:3,(anonymous_0)
FNDA:7,(anonymous_1)
FNDA:5,(anonymous_2)
FNDA:6,(anonymous_3)
DA:1,5
DA:2,5
DA:5,5
DA:6,3
DA:7,3
DA:8,7
DA:10,2
DA:11,5
DA:12,5
DA:14,5
DA:23,2
DA:25,1
DA:26,1
DA:31,5
DA:32,6
DA:33,6
DA:34,6
DA:36,6
DA:37,1
DA:40,5
DA:41,5
DA:42,5
DA:45,5
DA:46,2
DA:50,3
DA:52,2
DA:54,1
DA:55,1
DA:59,5
LF:29
LH:29
BRDA:36,0,0,1
BRDA:36,0,1,5
BRDA:45,1,0,2
BRDA:45,1,1,3
BRF:4
BRH:4
end_of_record
TN:
SF:controllers/leadsController.js
FN:7,(anonymous_0)
FN:51,(anonymous_1)
FN:102,(anonymous_2)
FN:132,(anonymous_3)
FN:149,(anonymous_4)
FN:173,(anonymous_5)
FNF:6
FNH:4
FNDA:3,(anonymous_0)
FNDA:2,(anonymous_1)
FNDA:1,(anonymous_2)
FNDA:2,(anonymous_3)
FNDA:0,(anonymous_4)
FNDA:0,(anonymous_5)
DA:1,4
DA:2,4
DA:3,4
DA:4,4
DA:7,4
DA:8,3
DA:9,3
DA:10,3
DA:26,3
DA:27,3
DA:29,3
DA:30,1
DA:31,1
DA:32,1
DA:35,3
DA:36,1
DA:37,1
DA:40,3
DA:42,3
DA:43,3
DA:45,0
DA:46,0
DA:51,4
DA:52,2
DA:53,2
DA:55,2
DA:56,0
DA:59,2
DA:60,2
DA:61,1
DA:64,1
DA:71,1
DA:74,1
DA:75,1
DA:77,0
DA:81,1
DA:82,1
DA:84,0
DA:88,1
DA:89,1
DA:91,0
DA:94,1
DA:96,0
DA:97,0
DA:102,4
DA:103,1
DA:104,1
DA:105,1
DA:107,1
DA:120,1
DA:121,0
DA:124,1
DA:126,0
DA:127,0
DA:132,4
DA:133,2
DA:134,2
DA:135,2
DA:137,2
DA:138,1
DA:141,1
DA:143,0
DA:144,0
DA:149,4
DA:150,0
DA:151,0
DA:165,0
DA:167,0
DA:168,0
DA:173,4
DA:174,0
DA:175,0
DA:176,0
DA:178,0
DA:179,0
DA:182,0
DA:184,0
DA:185,0
DA:189,4
LF:79
LH:53
BRDA:29,0,0,1
BRDA:29,0,1,2
BRDA:35,1,0,1
BRDA:35,1,1,2
BRDA:53,2,0,2
BRDA:55,3,0,0
BRDA:55,3,1,2
BRDA:55,4,0,2
BRDA:55,4,1,2
BRDA:60,5,0,1
BRDA:60,5,1,1
BRDA:120,6,0,0
BRDA:120,6,1,1
BRDA:137,7,0,1
BRDA:137,7,1,1
BRDA:178,8,0,0
BRDA:178,8,1,0
BRF:17
BRH:13
end_of_record
TN:
SF:controllers/meetingController.js
FN:5,(anonymous_0)
FN:35,(anonymous_1)
FNF:2
FNH:0
FNDA:0,(anonymous_0)
FNDA:0,(anonymous_1)
DA:1,4
DA:2,4
DA:5,4
DA:6,0
DA:7,0
DA:8,0
DA:9,0
DA:10,0
DA:12,0
DA:13,0
DA:14,0
DA:15,0
DA:18,0
DA:19,0
DA:20,0
DA:21,0
DA:24,0
DA:26,0
DA:27,0
DA:29,0
DA:30,0
DA:35,4
DA:36,0
DA:37,0
DA:39,0
DA:40,0
DA:44,0
DA:46,0
DA:53,0
DA:56,0
DA:57,0
DA:60,0
DA:61,0
DA:76,0
DA:79,0
DA:81,0
DA:83,0
DA:84,0
DA:88,4
LF:39
LH:5
BRDA:12,0,0,0
BRDA:12,0,1,0
BRDA:18,1,0,0
BRDA:18,1,1,0
BRDA:39,2,0,0
BRDA:39,2,1,0
BRDA:39,3,0,0
BRDA:39,3,1,0
BRDA:50,4,0,0
BRDA:50,4,1,0
BRDA:69,5,0,0
BRDA:69,5,1,0
BRF:12
BRH:0
end_of_record
TN:
SF:controllers/notificationsController.js
FN:4,(anonymous_0)
FN:28,(anonymous_1)
FN:50,(anonymous_2)
FN:67,(anonymous_3)
FN:84,(anonymous_4)
FN:106,(anonymous_5)
FNF:6
FNH:0
FNDA:0,(anonymous_0)
FNDA:0,(anonymous_1)
FNDA:0,(anonymous_2)
FNDA:0,(anonymous_3)
FNDA:0,(anonymous_4)
FNDA:0,(anonymous_5)
DA:1,4
DA:4,4
DA:5,0
DA:6,0
DA:7,0
DA:9,0
DA:10,0
DA:12,0
DA:13,0
DA:16,0
DA:17,0
DA:19,0
DA:20,0
DA:22,0
DA:23,0
DA:28,4
DA:29,0
DA:30,0
DA:31,0
DA:33,0
DA:38,0
DA:39,0
DA:42,0
DA:44,0
DA:45,0
DA:50,4
DA:51,0
DA:52,0
DA:54,0
DA:59,0
DA:61,0
DA:62,0
DA:67,4
DA:68,0
DA:69,0
DA:71,0
DA:76,0
DA:78,0
DA:79,0
DA:84,4
DA:85,0
DA:86,0
DA:87,0
DA:89,0
DA:94,0
DA:95,0
DA:98,0
DA:100,0
DA:101,0
DA:106,4
DA:107,0
DA:109,0
DA:114,0
DA:117,0
DA:118,0
DA:120,0
DA:122,0
DA:123,0
DA:127,4
LF:59
LH:8
BRDA:6,0,0,0
BRDA:6,0,1,0
BRDA:7,1,0,0
BRDA:7,2,0,0
BRDA:12,3,0,0
BRDA:12,3,1,0
BRDA:31,4,0,0
BRDA:31,4,1,0
BRDA:38,5,0,0
BRDA:38,5,1,0
BRDA:52,6,0,0
BRDA:52,6,1,0
BRDA:69,7,0,0
BRDA:69,7,1,0
BRDA:87,8,0,0
BRDA:87,8,1,0
BRDA:94,9,0,0
BRDA:94,9,1,0
BRDA:106,10,0,0
BRF:19
BRH:0
end_of_record
TN:
SF:controllers/proposalController.js
FN:7,(anonymous_0)
FN:22,(anonymous_1)
FN:38,(anonymous_2)
FN:90,(anonymous_3)
FN:107,(anonymous_4)
FN:140,(anonymous_5)
FN:167,(anonymous_6)
FN:173,(anonymous_7)
FN:186,(anonymous_8)
FN:228,(anonymous_9)
FN:307,(anonymous_10)
FN:329,(anonymous_11)
FNF:12
FNH:3
FNDA:0,(anonymous_0)
FNDA:0,(anonymous_1)
FNDA:0,(anonymous_2)
FNDA:0,(anonymous_3)
FNDA:3,(anonymous_4)
FNDA:0,(anonymous_5)
FNDA:0,(anonymous_6)
FNDA:0,(anonymous_7)
FNDA:0,(anonymous_8)
FNDA:2,(anonymous_9)
FNDA:0,(anonymous_10)
FNDA:6,(anonymous_11)
DA:1,5
DA:2,5
DA:3,5
DA:4,5
DA:7,5
DA:8,0
DA:9,0
DA:10,0
DA:14,0
DA:16,0
DA:17,0
DA:22,5
DA:23,0
DA:24,0
DA:30,0
DA:32,0
DA:33,0
DA:38,5
DA:39,0
DA:40,0
DA:42,0
DA:43,0
DA:47,0
DA:48,0
DA:49,0
DA:51,0
DA:54,0
DA:57,0
DA:62,0
DA:69,0
DA:72,0
DA:79,0
DA:80,0
DA:82,0
DA:84,0
DA:85,0
DA:90,5
DA:91,0
DA:92,0
DA:93,0
DA:95,0
DA:96,0
DA:99,0
DA:101,0
DA:102,0
DA:107,5
DA:108,3
DA:109,3
DA:112,3
DA:120,3
DA:128,3
DA:129,1
DA:132,2
DA:134,0
DA:135,0
DA:140,5
DA:141,0
DA:142,0
DA:143,0
DA:145,0
DA:153,0
DA:154,0
DA:157,0
DA:158,0
DA:165,0
DA:167,0
DA:168,0
DA:169,0
DA:172,0
DA:173,0
DA:174,0
DA:175,0
DA:180,0
DA:181,0
DA:186,5
DA:187,0
DA:188,0
DA:191,0
DA:199,0
DA:200,0
DA:203,0
DA:204,0
DA:211,0
DA:214,0
DA:220,0
DA:222,0
DA:223,0
DA:228,5
DA:229,2
DA:230,2
DA:231,2
DA:234,2
DA:242,2
DA:243,1
DA:246,1
DA:247,1
DA:255,1
DA:265,1
DA:273,1
DA:285,1
DA:286,1
DA:287,1
DA:289,0
DA:293,1
DA:301,0
DA:302,0
DA:307,5
DA:308,0
DA:309,0
DA:312,0
DA:314,0
DA:315,0
DA:319,0
DA:321,0
DA:323,0
DA:324,0
DA:329,5
DA:330,6
DA:331,6
DA:334,6
DA:342,6
DA:343,1
DA:346,5
DA:347,5
DA:354,5
DA:355,5
DA:358,4
DA:364,4
DA:366,1
DA:367,1
DA:371,5
LF:131
LH:50
BRDA:42,0,0,0
BRDA:42,0,1,0
BRDA:42,1,0,0
BRDA:42,1,1,0
BRDA:48,2,0,0
BRDA:48,2,1,0
BRDA:58,3,0,0
BRDA:58,3,1,0
BRDA:59,4,0,0
BRDA:59,4,1,0
BRDA:66,5,0,0
BRDA:66,5,1,0
BRDA:95,6,0,0
BRDA:95,6,1,0
BRDA:128,7,0,1
BRDA:128,7,1,2
BRDA:153,8,0,0
BRDA:153,8,1,0
BRDA:168,9,0,0
BRDA:168,9,1,0
BRDA:174,10,0,0
BRDA:174,10,1,0
BRDA:199,11,0,0
BRDA:199,11,1,0
BRDA:242,12,0,1
BRDA:242,12,1,1
BRDA:276,13,0,1
BRDA:276,13,1,1
BRDA:314,14,0,0
BRDA:314,14,1,0
BRDA:342,15,0,1
BRDA:342,15,1,5
BRF:32
BRH:8
end_of_record
TN:
SF:controllers/proposalTemplatesController.js
FN:4,(anonymous_0)
FN:15,(anonymous_1)
FN:32,(anonymous_2)
FN:58,(anonymous_3)
FN:92,(anonymous_4)
FNF:5
FNH:0
FNDA:0,(anonymous_0)
FNDA:0,(anonymous_1)
FNDA:0,(anonymous_2)
FNDA:0,(anonymous_3)
FNDA:0,(anonymous_4)
DA:1,4
DA:4,4
DA:5,0
DA:6,0
DA:7,0
DA:9,0
DA:10,0
DA:15,4
DA:16,0
DA:17,0
DA:18,0
DA:20,0
DA:21,0
DA:24,0
DA:26,0
DA:27,0
DA:32,4
DA:33,0
DA:34,0
DA:36,0
DA:37,0
DA:41,0
DA:42,0
DA:45,0
DA:50,0
DA:52,0
DA:53,0
DA:58,4
DA:59,0
DA:60,0
DA:61,0
DA:64,0
DA:65,0
DA:68,0
DA:80,0
DA:81,0
DA:84,0
DA:86,0
DA:87,0
DA:92,4
DA:93,0
DA:94,0
DA:95,0
DA:97,0
DA:98,0
DA:101,0
DA:103,0
DA:104,0
DA:108,4
LF:49
LH:7
BRDA:20,0,0,0
BRDA:20,0,1,0
BRDA:36,1,0,0
BRDA:36,1,1,0
BRDA:36,2,0,0
BRDA:36,2,1,0
BRDA:41,3,0,0
BRDA:41,3,1,0
BRDA:47,4,0,0
BRDA:47,4,1,0
BRDA:64,5,0,0
BRDA:64,5,1,0
BRDA:80,6,0,0
BRDA:80,6,1,0
BRDA:97,7,0,0
BRDA:97,7,1,0
BRF:16
BRH:0
end_of_record
TN:
SF:controllers/settingsController.js
FN:4,(anonymous_0)
FN:24,(anonymous_1)
FN:46,(anonymous_2)
FN:132,(anonymous_3)
FN:143,(anonymous_4)
FN:155,(anonymous_5)
FN:155,(anonymous_6)
FNF:7
FNH:0
FNDA:0,(anonymous_0)
FNDA:0,(anonymous_1)
FNDA:0,(anonymous_2)
FNDA:0,(anonymous_3)
FNDA:0,(anonymous_4)
FNDA:0,(anonymous_5)
FNDA:0,(anonymous_6)
DA:1,5
DA:4,5
DA:5,0
DA:6,0
DA:8,0
DA:9,0
DA:16,0
DA:18,0
DA:19,0
DA:24,5
DA:25,0
DA:26,0
DA:29,0
DA:31,0
DA:35,0
DA:38,0
DA:40,0
DA:41,0
DA:46,5
DA:47,0
DA:58,0
DA:60,0
DA:61,0
DA:65,0
DA:66,0
DA:68,0
DA:71,0
DA:98,0
DA:100,0
DA:119,0
DA:122,0
DA:124,0
DA:125,0
DA:132,5
DA:133,0
DA:134,0
DA:135,0
DA:137,0
DA:138,0
DA:143,5
DA:144,0
DA:145,0
DA:146,0
DA:147,0
DA:149,0
DA:150,0
DA:155,0
DA:156,0
DA:157,0
DA:163,0
DA:164,0
DA:166,0
DA:168,0
DA:176,0
DA:184,0
DA:187,0
DA:188,0
DA:191,0
DA:192,0
DA:193,0
DA:195,0
DA:199,5
LF:62
LH:7
BRDA:8,0,0,0
BRDA:8,0,1,0
BRDA:29,1,0,0
BRDA:29,1,1,0
BRDA:60,2,0,0
BRDA:60,2,1,0
BRDA:98,3,0,0
BRDA:98,3,1,0
BRDA:109,4,0,0
BRDA:109,4,1,0
BRDA:110,5,0,0
BRDA:110,5,1,0
BRDA:111,6,0,0
BRDA:111,6,1,0
BRDA:112,7,0,0
BRDA:112,7,1,0
BRDA:116,8,0,0
BRDA:116,8,1,0
BRDA:149,9,0,0
BRDA:149,9,1,0
BRDA:156,10,0,0
BRDA:156,10,1,0
BRDA:166,11,0,0
BRDA:166,11,1,0
BRF:24
BRH:0
end_of_record
TN:
SF:controllers/smtpController.js
FN:4,(anonymous_0)
FN:31,(anonymous_1)
FN:100,(anonymous_2)
FNF:3
FNH:3
FNDA:2,(anonymous_0)
FNDA:2,(anonymous_1)
FNDA:5,(anonymous_2)
DA:1,5
DA:4,5
DA:5,2
DA:6,2
DA:12,2
DA:13,0
DA:23,1
DA:25,1
DA:26,1
DA:31,5
DA:32,2
DA:33,2
DA:35,2
DA:36,1
DA:40,1
DA:42,1
DA:44,0
DA:51,1
DA:52,1
DA:53,1
DA:55,1
DA:56,1
DA:57,1
DA:59,1
DA:60,1
DA:61,1
DA:63,1
DA:64,1
DA:65,1
DA:67,1
DA:68,1
DA:69,1
DA:71,1
DA:72,1
DA:73,1
DA:75,1
DA:76,1
DA:77,1
DA:79,1
DA:80,1
DA:81,1
DA:84,1
DA:85,1
DA:92,1
DA:94,0
DA:95,0
DA:100,5
DA:101,5
DA:102,5
DA:103,5
DA:105,5
DA:108,5
DA:109,0
DA:110,0
DA:111,0
DA:112,0
DA:113,0
DA:115,0
DA:119,5
DA:120,0
DA:121,0
DA:128,5
DA:129,3
DA:130,3
DA:131,2
DA:132,2
DA:134,0
DA:135,0
DA:139,4
DA:150,4
DA:153,2
DA:154,2
DA:205,2
DA:206,2
DA:209,2
DA:214,3
DA:215,3
DA:223,5
LF:78
LH:64
BRDA:12,0,0,0
BRDA:12,0,1,1
BRDA:35,1,0,1
BRDA:35,1,1,1
BRDA:35,2,0,2
BRDA:35,2,1,2
BRDA:35,2,2,1
BRDA:35,2,3,1
BRDA:42,3,0,0
BRDA:42,3,1,1
BRDA:55,4,0,1
BRDA:55,4,1,0
BRDA:59,5,0,1
BRDA:59,5,1,0
BRDA:63,6,0,1
BRDA:63,6,1,0
BRDA:67,7,0,1
BRDA:67,7,1,0
BRDA:67,8,0,1
BRDA:67,8,1,1
BRDA:71,9,0,1
BRDA:71,9,1,0
BRDA:75,10,0,1
BRDA:75,10,1,0
BRDA:79,11,0,1
BRDA:79,11,1,0
BRDA:84,12,0,1
BRDA:84,12,1,0
BRDA:108,13,0,0
BRDA:108,13,1,5
BRDA:111,14,0,0
BRDA:111,14,1,0
BRDA:119,15,0,0
BRDA:119,15,1,5
BRDA:128,16,0,3
BRDA:128,16,1,2
BRDA:128,17,0,5
BRDA:128,17,1,2
BRDA:130,18,0,2
BRDA:130,18,1,0
BRDA:131,19,0,2
BRDA:131,19,1,2
BRDA:131,19,2,2
BRDA:132,20,0,2
BRDA:132,20,1,2
BRDA:132,20,2,2
BRDA:134,21,0,0
BRDA:134,21,1,0
BRDA:135,22,0,0
BRDA:135,22,1,0
BRDA:153,23,0,2
BRDA:153,23,1,0
BRDA:172,24,0,2
BRDA:172,24,1,0
BRDA:195,25,0,2
BRDA:195,25,1,0
BRDA:211,26,0,2
BRDA:211,26,1,0
BRF:58
BRH:35
end_of_record
TN:
SF:controllers/tasksController.js
FN:4,(anonymous_0)
FN:26,(anonymous_1)
FN:49,(anonymous_2)
FN:80,(anonymous_3)
FN:105,(anonymous_4)
FNF:5
FNH:0
FNDA:0,(anonymous_0)
FNDA:0,(anonymous_1)
FNDA:0,(anonymous_2)
FNDA:0,(anonymous_3)
FNDA:0,(anonymous_4)
DA:1,4
DA:4,4
DA:5,0
DA:6,0
DA:7,0
DA:8,0
DA:10,0
DA:11,0
DA:12,0
DA:15,0
DA:17,0
DA:18,0
DA:20,0
DA:21,0
DA:26,4
DA:27,0
DA:28,0
DA:30,0
DA:31,0
DA:34,0
DA:41,0
DA:43,0
DA:44,0
DA:49,4
DA:50,0
DA:51,0
DA:52,0
DA:54,0
DA:68,0
DA:69,0
DA:72,0
DA:74,0
DA:75,0
DA:80,4
DA:81,0
DA:82,0
DA:84,0
DA:93,0
DA:94,0
DA:97,0
DA:99,0
DA:100,0
DA:105,4
DA:106,0
DA:107,0
DA:109,0
DA:111,0
DA:112,0
DA:115,0
DA:117,0
DA:118,0
DA:122,4
LF:52
LH:7
BRDA:10,0,0,0
BRDA:10,0,1,0
BRDA:30,1,0,0
BRDA:30,1,1,0
BRDA:38,2,0,0
BRDA:38,2,1,0
BRDA:68,3,0,0
BRDA:68,3,1,0
BRDA:93,4,0,0
BRDA:93,4,1,0
BRDA:111,5,0,0
BRDA:111,5,1,0
BRF:12
BRH:0
end_of_record
TN:
SF:controllers/trackingController.js
FN:4,(anonymous_0)
FN:64,(anonymous_1)
FN:90,(anonymous_2)
FNF:3
FNH:0
FNDA:0,(anonymous_0)
FNDA:0,(anonymous_1)
FNDA:0,(anonymous_2)
DA:1,4
DA:4,4
DA:5,0
DA:6,0
DA:7,0
DA:10,0
DA:15,0
DA:16,0
DA:19,0
DA:22,0
DA:27,0
DA:30,0
DA:46,0
DA:47,0
DA:48,0
DA:56,0
DA:58,0
DA:59,0
DA:64,4
DA:65,0
DA:66,0
DA:68,0
DA:82,0
DA:84,0
DA:85,0
DA:90,4
DA:91,0
DA:92,0
DA:94,0
DA:105,0
DA:117,0
DA:122,0
DA:123,0
DA:127,4
LF:34
LH:5
BRDA:15,0,0,0
BRDA:15,0,1,0
BRDA:22,1,0,0
BRDA:22,1,1,0
BRDA:22,1,2,0
BRDA:37,2,0,0
BRDA:37,2,1,0
BRDA:47,3,0,0
BRDA:47,3,1,0
BRF:9
BRH:0
end_of_record
TN:
SF:controllers/usersController.js
FN:5,(anonymous_0)
FN:18,(anonymous_1)
FN:62,(anonymous_2)
FN:118,(anonymous_3)
FNF:4
FNH:4
FNDA:2,(anonymous_0)
FNDA:3,(anonymous_1)
FNDA:1,(anonymous_2)
FNDA:4,(anonymous_3)
DA:1,5
DA:2,5
DA:5,5
DA:6,2
DA:7,2
DA:10,1
DA:12,1
DA:13,1
DA:18,5
DA:19,3
DA:21,3
DA:22,1
DA:25,2
DA:27,2
DA:32,2
DA:33,1
DA:37,1
DA:40,1
DA:45,1
DA:56,0
DA:57,0
DA:62,5
DA:63,1
DA:64,1
DA:66,1
DA:68,1
DA:69,1
DA:70,0
DA:74,1
DA:75,1
DA:76,1
DA:78,1
DA:79,1
DA:80,1
DA:81,1
DA:83,1
DA:84,1
DA:85,1
DA:86,1
DA:88,1
DA:89,0
DA:90,0
DA:91,0
DA:93,1
DA:94,0
DA:95,0
DA:96,0
DA:97,0
DA:100,1
DA:101,0
DA:104,1
DA:105,1
DA:110,1
DA:112,0
DA:113,0
DA:118,5
DA:119,4
DA:120,4
DA:122,4
DA:124,4
DA:125,1
DA:129,3
DA:130,3
DA:131,1
DA:139,2
DA:140,2
DA:150,2
DA:151,1
DA:154,1
DA:155,1
DA:157,0
DA:158,0
DA:162,5
LF:73
LH:58
BRDA:21,0,0,1
BRDA:21,0,1,2
BRDA:21,1,0,3
BRDA:21,1,1,2
BRDA:21,1,2,2
BRDA:32,2,0,1
BRDA:32,2,1,1
BRDA:42,3,0,1
BRDA:42,3,1,0
BRDA:69,4,0,0
BRDA:69,4,1,1
BRDA:78,5,0,1
BRDA:78,5,1,0
BRDA:83,6,0,1
BRDA:83,6,1,0
BRDA:88,7,0,0
BRDA:88,7,1,1
BRDA:93,8,0,0
BRDA:93,8,1,1
BRDA:100,9,0,0
BRDA:100,9,1,1
BRDA:124,10,0,1
BRDA:124,10,1,3
BRDA:130,11,0,1
BRDA:130,11,1,2
BRDA:150,12,0,1
BRDA:150,12,1,1
BRF:27
BRH:20
end_of_record
TN:
SF:routes/activities.js
FN:21,(anonymous_0)
FN:64,(anonymous_1)
FN:98,(anonymous_2)
FNF:3
FNH:0
FNDA:0,(anonymous_0)
FNDA:0,(anonymous_1)
FNDA:0,(anonymous_2)
DA:1,4
DA:2,4
DA:3,4
DA:21,4
DA:22,0
DA:23,0
DA:24,0
DA:32,0
DA:34,0
DA:35,0
DA:64,4
DA:65,0
DA:66,0
DA:67,0
DA:74,0
DA:81,0
DA:83,0
DA:84,0
DA:98,4
DA:99,0
DA:100,0
DA:110,0
DA:112,0
DA:113,0
DA:117,4
LF:25
LH:7
BRDA:70,0,0,0
BRDA:70,0,1,0
BRDA:70,1,0,0
BRDA:70,1,1,0
BRF:4
BRH:0
end_of_record
TN:
SF:routes/analytics.js
FNF:0
FNH:0
DA:1,4
DA:2,4
DA:3,4
DA:6,4
DA:9,4
DA:12,4
DA:14,4
LF:7
LH:7
BRF:0
BRH:0
end_of_record
TN:
SF:routes/auth.js
FN:7,(anonymous_0)
FNF:1
FNH:0
FNDA:0,(anonymous_0)
DA:1,5
DA:2,5
DA:3,5
DA:5,5
DA:7,5
DA:9,0
DA:12,5
LF:7
LH:6
BRF:0
BRH:0
end_of_record
TN:
SF:routes/bulk.js
FN:28,(anonymous_0)
FN:40,(anonymous_1)
FN:87,(anonymous_2)
FN:95,(anonymous_3)
FN:142,(anonymous_4)
FN:151,(anonymous_5)
FN:195,(anonymous_6)
FN:203,(anonymous_7)
FNF:8
FNH:6
FNDA:3,(anonymous_0)
FNDA:3,(anonymous_1)
FNDA:0,(anonymous_2)
FNDA:0,(anonymous_3)
FNDA:1,(anonymous_4)
FNDA:2,(anonymous_5)
FNDA:1,(anonymous_6)
FNDA:2,(anonymous_7)
DA:1,4
DA:2,4
DA:3,4
DA:28,4
DA:29,3
DA:30,3
DA:32,3
DA:33,1
DA:36,2
DA:37,1
DA:40,3
DA:41,1
DA:43,1
DA:46,1
DA:47,3
DA:54,1
DA:59,0
DA:60,0
DA:87,4
DA:88,0
DA:89,0
DA:91,0
DA:92,0
DA:95,0
DA:96,0
DA:98,0
DA:101,0
DA:102,0
DA:109,0
DA:114,0
DA:115,0
DA:142,4
DA:143,1
DA:144,1
DA:146,1
DA:147,0
DA:151,2
DA:152,1
DA:157,1
DA:158,2
DA:165,1
DA:169,0
DA:170,0
DA:195,4
DA:196,1
DA:197,1
DA:199,1
DA:200,0
DA:203,2
DA:204,1
DA:206,1
DA:208,1
DA:212,0
DA:213,0
DA:217,4
LF:55
LH:35
BRDA:32,0,0,1
BRDA:32,0,1,2
BRDA:32,1,0,3
BRDA:32,1,1,2
BRDA:36,2,0,1
BRDA:36,2,1,1
BRDA:91,3,0,0
BRDA:91,3,1,0
BRDA:91,4,0,0
BRDA:91,4,1,0
BRDA:146,5,0,0
BRDA:146,5,1,1
BRDA:146,6,0,1
BRDA:146,6,1,1
BRDA:199,7,0,0
BRDA:199,7,1,1
BRDA:199,8,0,1
BRDA:199,8,1,1
BRF:18
BRH:12
end_of_record
TN:
SF:routes/calendar.js
FNF:0
FNH:0
DA:1,4
DA:2,4
DA:9,4
DA:12,4
DA:15,4
DA:18,4
DA:21,4
DA:24,4
DA:26,4
LF:9
LH:9
BRF:0
BRH:0
end_of_record
TN:
SF:routes/chat.js
FN:10,(anonymous_0)
FN:15,(anonymous_1)
FN:21,(anonymous_2)
FN:37,(anonymous_3)
FNF:4
FNH:0
FNDA:0,(anonymous_0)
FNDA:0,(anonymous_1)
FNDA:0,(anonymous_2)
FNDA:0,(anonymous_3)
DA:1,4
DA:2,4
DA:5,4
DA:7,4
DA:10,4
DA:11,0
DA:15,4
DA:16,0
DA:17,0
DA:21,4
DA:22,0
DA:24,0
DA:25,0
DA:28,0
DA:34,0
DA:37,0
DA:38,0
DA:39,0
DA:40,0
DA:42,0
DA:52,0
DA:55,0
DA:58,0
DA:59,0
DA:66,0
DA:69,4
LF:26
LH:8
BRDA:17,0,0,0
BRDA:17,0,1,0
BRDA:24,1,0,0
BRDA:24,1,1,0
BRDA:38,2,0,0
BRDA:38,2,1,0
BRDA:58,3,0,0
BRDA:58,3,1,0
BRF:8
BRH:0
end_of_record
TN:
SF:routes/clients.js
FNF:0
FNH:0
DA:1,4
DA:2,4
DA:3,4
DA:4,4
DA:6,4
DA:7,4
DA:8,4
DA:9,4
DA:10,4
DA:11,4
DA:13,4
LF:11
LH:11
BRF:0
BRH:0
end_of_record
TN:
SF:routes/emailTemplates.js
FNF:0
FNH:0
DA:1,5
DA:2,5
DA:3,5
DA:4,5
DA:7,5
DA:10,5
DA:12,5
LF:7
LH:7
BRF:0
BRH:0
end_of_record
TN:
SF:routes/export.js
FN:37,(anonymous_0)
FN:62,(anonymous_1)
FN:68,(anonymous_2)
FNF:3
FNH:0
FNDA:0,(anonymous_0)
FNDA:0,(anonymous_1)
FNDA:0,(anonymous_2)
DA:1,4
DA:2,4
DA:3,4
DA:4,4
DA:5,4
DA:37,4
DA:38,0
DA:39,0
DA:40,0
DA:41,0
DA:42,0
DA:44,0
DA:45,0
DA:46,0
DA:47,0
DA:50,0
DA:51,0
DA:52,0
DA:55,0
DA:57,0
DA:58,0
DA:60,0
DA:62,0
DA:63,0
DA:64,0
DA:67,0
DA:68,0
DA:69,0
DA:70,0
DA:75,0
DA:76,0
DA:80,4
LF:32
LH:7
BRDA:44,0,0,0
BRDA:44,0,1,0
BRDA:44,1,0,0
BRDA:44,1,1,0
BRDA:50,2,0,0
BRDA:50,2,1,0
BRDA:63,3,0,0
BRDA:63,3,1,0
BRDA:69,4,0,0
BRDA:69,4,1,0
BRF:10
BRH:0
end_of_record
TN:
SF:routes/leads.js
FNF:0
FNH:0
DA:1,4
DA:2,4
DA:3,4
DA:4,4
DA:5,4
DA:41,4
DA:90,4
DA:104,4
DA:131,4
DA:170,4
DA:192,4
DA:194,4
LF:12
LH:12
BRF:0
BRH:0
end_of_record
TN:
SF:routes/meetings.js
FNF:0
FNH:0
DA:1,4
DA:2,4
DA:3,4
DA:5,4
DA:6,4
DA:8,4
LF:6
LH:6
BRF:0
BRH:0
end_of_record
TN:
SF:routes/notifications.js
FNF:0
FNH:0
DA:1,4
DA:2,4
DA:9,4
DA:39,4
DA:58,4
DA:78,4
DA:90,4
DA:110,4
DA:112,4
LF:9
LH:9
BRF:0
BRH:0
end_of_record
TN:
SF:routes/proposalTemplates.js
FNF:0
FNH:0
DA:1,4
DA:2,4
DA:9,4
DA:11,4
DA:12,4
DA:13,4
DA:14,4
DA:15,4
DA:17,4
LF:9
LH:9
BRF:0
BRH:0
end_of_record
TN:
SF:routes/proposals.js
FNF:0
FNH:0
DA:1,5
DA:2,5
DA:14,5
DA:17,5
DA:18,5
DA:19,5
DA:20,5
DA:23,5
DA:26,5
DA:29,5
DA:30,5
DA:31,5
DA:34,5
DA:37,5
DA:38,5
DA:39,5
DA:41,5
LF:17
LH:17
BRF:0
BRH:0
end_of_record
TN:
SF:routes/settings.js
FNF:0
FNH:0
DA:1,5
DA:2,5
DA:3,5
DA:4,5
DA:5,5
DA:8,5
DA:11,5
DA:12,5
DA:15,5
DA:16,5
DA:19,5
DA:20,5
DA:21,5
DA:23,5
LF:14
LH:14
BRF:0
BRH:0
end_of_record
TN:
SF:routes/tags.js
FN:15,(anonymous_0)
FN:46,(anonymous_1)
FN:82,(anonymous_2)
FN:123,(anonymous_3)
FN:173,(anonymous_4)
FNF:5
FNH:5
FNDA:2,(anonymous_0)
FNDA:3,(anonymous_1)
FNDA:2,(anonymous_2)
FNDA:2,(anonymous_3)
FNDA:1,(anonymous_4)
DA:1,4
DA:2,4
DA:3,4
DA:15,4
DA:16,2
DA:17,2
DA:18,2
DA:20,0
DA:21,0
DA:46,4
DA:47,3
DA:48,3
DA:50,3
DA:51,3
DA:52,1
DA:55,2
DA:59,2
DA:61,0
DA:62,0
DA:82,4
DA:83,2
DA:84,2
DA:85,2
DA:91,2
DA:93,0
DA:94,0
DA:123,4
DA:124,2
DA:125,2
DA:126,2
DA:128,2
DA:129,2
DA:130,1
DA:133,1
DA:139,1
DA:145,1
DA:147,0
DA:148,0
DA:173,4
DA:174,1
DA:175,1
DA:176,1
DA:180,1
DA:182,0
DA:183,0
DA:187,4
LF:46
LH:36
BRDA:51,0,0,1
BRDA:51,0,1,2
BRDA:57,1,0,2
BRDA:57,1,1,1
BRDA:129,2,0,1
BRDA:129,2,1,1
BRF:6
BRH:6
end_of_record
TN:
SF:routes/tasks.js
FNF:0
FNH:0
DA:1,4
DA:2,4
DA:9,4
DA:12,4
DA:15,4
DA:18,4
DA:21,4
DA:24,4
DA:26,4
LF:9
LH:9
BRF:0
BRH:0
end_of_record
TN:
SF:routes/tracking.js
FNF:0
FNH:0
DA:1,4
DA:2,4
DA:3,4
DA:6,4
DA:9,4
DA:12,4
DA:14,4
LF:7
LH:7
BRF:0
BRH:0
end_of_record
TN:
SF:routes/users.js
FNF:0
FNH:0
DA:1,5
DA:2,5
DA:3,5
DA:4,5
DA:7,5
DA:10,5
DA:13,5
DA:16,5
DA:19,5
DA:21,5
LF:10
LH:10
BRF:0
BRH:0
end_of_record
TN:
SF:services/automationService.js
FN:6,(anonymous_0)
FN:12,(anonymous_1)
FN:28,(anonymous_2)
FN:39,(anonymous_3)
FN:45,(anonymous_4)
FN:54,(anonymous_5)
FN:63,(anonymous_6)
FN:88,(anonymous_7)
FN:115,(anonymous_8)
FN:154,(anonymous_9)
FN:174,(anonymous_10)
FN:194,(anonymous_11)
FN:209,(anonymous_12)
FN:221,(anonymous_13)
FN:230,(anonymous_14)
FNF:15
FNH:0
FNDA:0,(anonymous_0)
FNDA:0,(anonymous_1)
FNDA:0,(anonymous_2)
FNDA:0,(anonymous_3)
FNDA:0,(anonymous_4)
FNDA:0,(anonymous_5)
FNDA:0,(anonymous_6)
FNDA:0,(anonymous_7)
FNDA:0,(anonymous_8)
FNDA:0,(anonymous_9)
FNDA:0,(anonymous_10)
FNDA:0,(anonymous_11)
FNDA:0,(anonymous_12)
FNDA:0,(anonymous_13)
FNDA:0,(anonymous_14)
DA:1,0
DA:2,0
DA:3,0
DA:7,0
DA:8,0
DA:13,0
DA:14,0
DA:16,0
DA:17,0
DA:18,0
DA:20,0
DA:23,0
DA:29,0
DA:30,0
DA:31,0
DA:33,0
DA:34,0
DA:40,0
DA:41,0
DA:45,0
DA:46,0
DA:49,0
DA:50,0
DA:55,0
DA:56,0
DA:57,0
DA:58,0
DA:64,0
DA:65,0
DA:67,0
DA:68,0
DA:69,0
DA:72,0
DA:75,0
DA:77,0
DA:78,0
DA:81,0
DA:83,0
DA:89,0
DA:90,0
DA:106,0
DA:107,0
DA:109,0
DA:110,0
DA:116,0
DA:118,0
DA:119,0
DA:120,0
DA:124,0
DA:125,0
DA:127,0
DA:128,0
DA:130,0
DA:131,0
DA:137,0
DA:138,0
DA:140,0
DA:141,0
DA:143,0
DA:144,0
DA:149,0
DA:155,0
DA:156,0
DA:161,0
DA:166,0
DA:168,0
DA:169,0
DA:175,0
DA:176,0
DA:181,0
DA:186,0
DA:188,0
DA:189,0
DA:195,0
DA:196,0
DA:201,0
DA:203,0
DA:204,0
DA:210,0
DA:211,0
DA:216,0
DA:222,0
DA:223,0
DA:224,0
DA:225,0
DA:226,0
DA:231,0
DA:232,0
DA:240,0
DA:242,0
DA:243,0
DA:249,0
LF:92
LH:0
BRDA:16,0,0,0
BRDA:16,0,1,0
BRDA:16,1,0,0
BRDA:16,1,1,0
BRDA:31,2,0,0
BRDA:31,2,1,0
BRDA:40,3,0,0
BRDA:40,3,1,0
BRDA:55,4,0,0
BRDA:55,4,1,0
BRDA:67,5,0,0
BRDA:67,5,1,0
BRDA:67,6,0,0
BRDA:67,6,1,0
BRDA:118,7,0,0
BRDA:118,7,1,0
BRDA:118,8,0,0
BRDA:118,8,1,0
BRDA:124,9,0,0
BRDA:124,9,1,0
BRDA:124,10,0,0
BRDA:124,10,1,0
BRDA:124,10,2,0
BRDA:127,11,0,0
BRDA:127,11,1,0
BRDA:130,12,0,0
BRDA:130,12,1,0
BRDA:137,13,0,0
BRDA:137,13,1,0
BRDA:137,14,0,0
BRDA:137,14,1,0
BRDA:137,14,2,0
BRDA:140,15,0,0
BRDA:140,15,1,0
BRDA:143,16,0,0
BRDA:143,16,1,0
BRDA:209,17,0,0
BRDA:230,18,0,0
BRF:38
BRH:0
end_of_record
TN:
SF:services/emailService.js
FN:7,(anonymous_0)
FN:34,(anonymous_1)
FN:54,(anonymous_2)
FN:82,(anonymous_3)
FN:91,(anonymous_4)
FN:105,(anonymous_5)
FNF:6
FNH:0
FNDA:0,(anonymous_0)
FNDA:0,(anonymous_1)
FNDA:0,(anonymous_2)
FNDA:0,(anonymous_3)
FNDA:0,(anonymous_4)
FNDA:0,(anonymous_5)
DA:1,2
DA:2,2
DA:3,2
DA:4,2
DA:7,2
DA:8,0
DA:10,0
DA:12,0
DA:13,0
DA:14,0
DA:17,0
DA:19,0
DA:29,0
DA:30,0
DA:34,2
DA:35,0
DA:36,0
DA:37,0
DA:40,0
DA:41,0
DA:43,0
DA:44,0
DA:45,0
DA:47,0
DA:49,0
DA:50,0
DA:54,2
DA:55,0
DA:56,0
DA:58,0
DA:59,0
DA:60,0
DA:64,0
DA:65,0
DA:66,0
DA:68,0
DA:74,0
DA:75,0
DA:77,0
DA:78,0
DA:82,2
DA:83,0
DA:84,0
DA:88,0
DA:91,2
DA:92,0
DA:93,0
DA:102,0
DA:105,2
DA:106,0
DA:107,0
DA:115,0
DA:118,2
LF:53
LH:11
BRDA:12,0,0,0
BRDA:12,0,1,0
BRDA:12,1,0,0
BRDA:12,1,1,0
BRDA:21,2,0,0
BRDA:21,2,1,0
BRDA:22,3,0,0
BRDA:22,3,1,0
BRDA:41,4,0,0
BRDA:41,4,1,0
BRDA:45,5,0,0
BRDA:45,5,1,0
BRDA:58,6,0,0
BRDA:58,6,1,0
BRDA:65,7,0,0
BRDA:65,7,1,0
BRDA:66,8,0,0
BRDA:66,8,1,0
BRDA:86,9,0,0
BRDA:86,9,1,0
BRDA:92,10,0,0
BRDA:92,10,1,0
BRDA:96,11,0,0
BRDA:96,11,1,0
BRDA:97,12,0,0
BRDA:97,12,1,0
BRDA:98,13,0,0
BRDA:98,13,1,0
BRDA:99,14,0,0
BRDA:99,14,1,0
BRDA:100,15,0,0
BRDA:100,15,1,0
BRDA:109,16,0,0
BRDA:109,16,1,0
BRF:34
BRH:0
end_of_record
TN:
SF:services/excelService.js
FN:5,(anonymous_0)
FN:34,(anonymous_1)
FN:81,(anonymous_2)
FN:82,(anonymous_3)
FN:98,(anonymous_4)
FN:104,(anonymous_5)
FN:125,(anonymous_6)
FNF:7
FNH:0
FNDA:0,(anonymous_0)
FNDA:0,(anonymous_1)
FNDA:0,(anonymous_2)
FNDA:0,(anonymous_3)
FNDA:0,(anonymous_4)
FNDA:0,(anonymous_5)
FNDA:0,(anonymous_6)
DA:1,4
DA:2,4
DA:3,4
DA:5,4
DA:6,0
DA:7,0
DA:8,0
DA:11,0
DA:24,0
DA:25,0
DA:30,0
DA:31,0
DA:34,0
DA:35,0
DA:48,0
DA:49,0
DA:57,0
DA:58,0
DA:60,0
DA:61,0
DA:63,0
DA:64,0
DA:66,0
DA:67,0
DA:69,0
DA:70,0
DA:72,0
DA:73,0
DA:75,0
DA:76,0
DA:81,0
DA:82,0
DA:83,0
DA:93,0
DA:94,0
DA:95,0
DA:96,0
DA:98,0
DA:99,0
DA:100,0
DA:103,0
DA:104,0
DA:105,0
DA:106,0
DA:110,0
DA:111,0
DA:112,0
DA:113,0
DA:115,0
DA:117,0
DA:119,0
DA:121,0
DA:125,4
DA:126,0
DA:134,0
DA:137,4
LF:56
LH:6
BRDA:39,0,0,0
BRDA:39,0,1,0
BRDA:40,1,0,0
BRDA:40,1,1,0
BRDA:42,2,0,0
BRDA:42,2,1,0
BRDA:43,3,0,0
BRDA:43,3,1,0
BRDA:48,4,0,0
BRDA:48,4,1,0
BRDA:58,5,0,0
BRDA:58,5,1,0
BRDA:58,5,2,0
BRDA:58,5,3,0
BRDA:58,5,4,0
BRDA:58,5,5,0
BRDA:99,6,0,0
BRDA:99,6,1,0
BRDA:112,7,0,0
BRDA:112,7,1,0
BRDA:134,8,0,0
BRDA:134,8,1,0
BRF:22
BRH:0
end_of_record
TN:
SF:services/notificationService.js
FN:14,(anonymous_0)
FN:39,(anonymous_1)
FN:43,(anonymous_2)
FN:59,(anonymous_3)
FN:72,(anonymous_4)
FN:85,(anonymous_5)
FN:98,(anonymous_6)
FN:111,(anonymous_7)
FNF:8
FNH:4
FNDA:1,(anonymous_0)
FNDA:1,(anonymous_1)
FNDA:1,(anonymous_2)
FNDA:1,(anonymous_3)
FNDA:0,(anonymous_4)
FNDA:0,(anonymous_5)
FNDA:0,(anonymous_6)
FNDA:0,(anonymous_7)
DA:1,4
DA:2,4
DA:5,4
DA:14,4
DA:15,1
DA:16,1
DA:23,1
DA:26,1
DA:27,1
DA:28,1
DA:31,1
DA:33,0
DA:34,0
DA:39,4
DA:40,1
DA:42,1
DA:43,1
DA:45,1
DA:46,1
DA:47,1
DA:48,1
DA:51,1
DA:53,0
DA:54,0
DA:59,4
DA:60,1
DA:61,1
DA:62,1
DA:64,1
DA:72,4
DA:73,0
DA:74,0
DA:75,0
DA:77,0
DA:85,4
DA:86,0
DA:87,0
DA:88,0
DA:90,0
DA:98,4
DA:99,0
DA:100,0
DA:101,0
DA:103,0
DA:111,4
DA:112,0
DA:113,0
DA:114,0
DA:116,0
DA:124,4
LF:50
LH:30
BRDA:14,0,0,0
BRDA:27,1,0,1
BRDA:27,1,1,0
BRDA:39,2,0,0
BRDA:61,3,0,1
BRDA:61,3,1,0
BRDA:113,4,0,0
BRDA:113,4,1,0
BRF:8
BRH:2
end_of_record
TN:
SF:services/pdfService.js
FN:5,(anonymous_0)
FN:6,(anonymous_1)
FN:126,(anonymous_2)
FNF:3
FNH:0
FNDA:0,(anonymous_0)
FNDA:0,(anonymous_1)
FNDA:0,(anonymous_2)
DA:1,0
DA:2,0
DA:3,0
DA:5,0
DA:6,0
DA:7,0
DA:8,0
DA:9,0
DA:10,0
DA:13,0
DA:14,0
DA:15,0
DA:18,0
DA:19,0
DA:22,0
DA:25,0
DA:30,0
DA:35,0
DA:41,0
DA:44,0
DA:47,0
DA:48,0
DA:53,0
DA:59,0
DA:62,0
DA:67,0
DA:76,0
DA:79,0
DA:82,0
DA:83,0
DA:88,0
DA:99,0
DA:102,0
DA:107,0
DA:114,0
DA:115,0
DA:124,0
DA:126,0
DA:127,0
DA:130,0
DA:133,0
DA:138,0
LF:42
LH:0
BRDA:14,0,0,0
BRDA:14,0,1,0
BRDA:55,1,0,0
BRDA:55,1,1,0
BRDA:57,2,0,0
BRDA:57,2,1,0
BRDA:71,3,0,0
BRDA:71,3,1,0
BRF:8
BRH:0
end_of_record
TN:
SF:services/proposalEmailService.js
FN:17,(anonymous_0)
FN:207,(anonymous_1)
FN:263,(anonymous_2)
FNF:3
FNH:3
FNDA:6,(anonymous_0)
FNDA:2,(anonymous_1)
FNDA:2,(anonymous_2)
DA:1,15
DA:4,15
DA:17,15
DA:18,6
DA:20,6
DA:172,6
DA:194,6
DA:195,6
DA:196,5
DA:197,5
DA:199,1
DA:200,1
DA:207,15
DA:208,2
DA:246,2
DA:253,2
DA:254,2
DA:256,0
DA:263,15
DA:264,2
DA:266,2
DA:294,2
DA:301,2
DA:302,2
DA:304,0
DA:308,15
LF:26
LH:24
BRDA:5,0,0,15
BRDA:5,0,1,0
BRDA:6,1,0,15
BRDA:6,1,1,12
BRDA:18,2,0,6
BRDA:18,2,1,0
BRDA:125,3,0,6
BRDA:125,3,1,0
BRDA:129,4,0,0
BRDA:129,4,1,6
BRDA:264,5,0,2
BRDA:264,5,1,0
BRDA:281,6,0,2
BRDA:281,6,1,0
BRDA:285,7,0,2
BRDA:285,7,1,0
BRF:16
BRH:9
end_of_record
TN:
SF:services/pusherService.js
FN:9,(anonymous_0)
FN:56,(anonymous_1)
FNF:2
FNH:0
FNDA:0,(anonymous_0)
FNDA:0,(anonymous_1)
DA:1,0
DA:2,0
DA:3,0
DA:5,0
DA:6,0
DA:7,0
DA:9,0
DA:10,0
DA:13,0
DA:14,0
DA:17,0
DA:19,0
DA:21,0
DA:22,0
DA:24,0
DA:25,0
DA:32,0
DA:33,0
DA:38,0
DA:39,0
DA:46,0
DA:49,0
DA:51,0
DA:52,0
DA:56,0
DA:57,0
DA:58,0
DA:60,0
DA:61,0
DA:62,0
DA:65,0
DA:66,0
DA:68,0
DA:72,0
LF:34
LH:0
BRDA:13,0,0,0
BRDA:13,0,1,0
BRDA:13,1,0,0
BRDA:13,1,1,0
BRDA:21,2,0,0
BRDA:21,2,1,0
BRDA:24,3,0,0
BRDA:24,3,1,0
BRDA:24,4,0,0
BRDA:24,4,1,0
BRDA:24,4,2,0
BRDA:29,5,0,0
BRDA:29,5,1,0
BRDA:38,6,0,0
BRDA:38,6,1,0
BRDA:60,7,0,0
BRDA:60,7,1,0
BRF:17
BRH:0
end_of_record
